[2.116s] DEBUG:colcon:Command line arguments: ['/usr/bin/colcon', 'build', '--packages-select', 'my_cpp_pkg', '_pkg']
[2.116s] DEBUG:colcon:Parsed command line arguments: Namespace(log_base=None, log_level=None, verb_name='build', build_base='build', install_base='install', merge_install=False, symlink_install=False, test_result_base=None, continue_on_error=False, executor='parallel', parallel_workers=8, event_handlers=None, ignore_user_meta=False, metas=['./colcon.meta'], base_paths=['.'], packages_ignore=None, packages_ignore_regex=None, paths=None, packages_up_to=None, packages_up_to_regex=None, packages_above=None, packages_above_and_dependencies=None, packages_above_depth=None, packages_select_by_dep=None, packages_skip_by_dep=None, packages_skip_up_to=None, packages_select_build_failed=False, packages_skip_build_finished=False, packages_select_test_failures=False, packages_skip_test_passed=False, packages_select=['my_cpp_pkg', '_pkg'], packages_skip=None, packages_select_regex=None, packages_skip_regex=None, packages_start=None, packages_end=None, allow_overriding=[], cmake_args=None, cmake_target=None, cmake_target_skip_unavailable=False, cmake_clean_cache=False, cmake_clean_first=False, cmake_force_configure=False, ament_cmake_args=None, catkin_cmake_args=None, catkin_skip_building_tests=False, verb_parser=<colcon_defaults.argument_parser.defaults.DefaultArgumentsDecorator object at 0x7f7ff0f0cc70>, verb_extension=<colcon_core.verb.build.BuildVerb object at 0x7f7ff13b3310>, main=<bound method BuildVerb.main of <colcon_core.verb.build.BuildVerb object at 0x7f7ff13b3310>>)
[2.234s] Level 1:colcon.colcon_core.package_discovery:discover_packages(colcon_meta) check parameters
[2.234s] Level 1:colcon.colcon_core.package_discovery:discover_packages(recursive) check parameters
[2.234s] Level 1:colcon.colcon_core.package_discovery:discover_packages(ignore) check parameters
[2.234s] Level 1:colcon.colcon_core.package_discovery:discover_packages(path) check parameters
[2.234s] Level 1:colcon.colcon_core.package_discovery:discover_packages(colcon_meta) discover
[2.234s] Level 1:colcon.colcon_core.package_discovery:discover_packages(recursive) discover
[2.234s] INFO:colcon.colcon_core.package_discovery:Crawling recursively for packages in '/home/hansukim/ros2_ws'
[2.235s] Level 1:colcon.colcon_core.package_identification:_identify(.) by extensions ['ignore', 'ignore_ament_install']
[2.235s] Level 1:colcon.colcon_core.package_identification:_identify(.) by extension 'ignore'
[2.235s] Level 1:colcon.colcon_core.package_identification:_identify(.) by extension 'ignore_ament_install'
[2.235s] Level 1:colcon.colcon_core.package_identification:_identify(.) by extensions ['colcon_pkg']
[2.235s] Level 1:colcon.colcon_core.package_identification:_identify(.) by extension 'colcon_pkg'
[2.235s] Level 1:colcon.colcon_core.package_identification:_identify(.) by extensions ['colcon_meta']
[2.235s] Level 1:colcon.colcon_core.package_identification:_identify(.) by extension 'colcon_meta'
[2.235s] Level 1:colcon.colcon_core.package_identification:_identify(.) by extensions ['ros']
[2.235s] Level 1:colcon.colcon_core.package_identification:_identify(.) by extension 'ros'
[2.265s] Level 1:colcon.colcon_core.package_identification:_identify(.) by extensions ['cmake', 'python']
[2.265s] Level 1:colcon.colcon_core.package_identification:_identify(.) by extension 'cmake'
[2.265s] Level 1:colcon.colcon_core.package_identification:_identify(.) by extension 'python'
[2.265s] Level 1:colcon.colcon_core.package_identification:_identify(.) by extensions ['python_setup_py']
[2.265s] Level 1:colcon.colcon_core.package_identification:_identify(.) by extension 'python_setup_py'
[2.266s] Level 1:colcon.colcon_core.package_identification:_identify(build) by extensions ['ignore', 'ignore_ament_install']
[2.266s] Level 1:colcon.colcon_core.package_identification:_identify(build) by extension 'ignore'
[2.266s] Level 1:colcon.colcon_core.package_identification:_identify(build) ignored
[2.266s] Level 1:colcon.colcon_core.package_identification:_identify(install) by extensions ['ignore', 'ignore_ament_install']
[2.266s] Level 1:colcon.colcon_core.package_identification:_identify(install) by extension 'ignore'
[2.266s] Level 1:colcon.colcon_core.package_identification:_identify(install) ignored
[2.267s] Level 1:colcon.colcon_core.package_identification:_identify(log) by extensions ['ignore', 'ignore_ament_install']
[2.267s] Level 1:colcon.colcon_core.package_identification:_identify(log) by extension 'ignore'
[2.267s] Level 1:colcon.colcon_core.package_identification:_identify(log) ignored
[2.267s] Level 1:colcon.colcon_core.package_identification:_identify(src) by extensions ['ignore', 'ignore_ament_install']
[2.267s] Level 1:colcon.colcon_core.package_identification:_identify(src) by extension 'ignore'
[2.267s] Level 1:colcon.colcon_core.package_identification:_identify(src) by extension 'ignore_ament_install'
[2.268s] Level 1:colcon.colcon_core.package_identification:_identify(src) by extensions ['colcon_pkg']
[2.268s] Level 1:colcon.colcon_core.package_identification:_identify(src) by extension 'colcon_pkg'
[2.268s] Level 1:colcon.colcon_core.package_identification:_identify(src) by extensions ['colcon_meta']
[2.268s] Level 1:colcon.colcon_core.package_identification:_identify(src) by extension 'colcon_meta'
[2.268s] Level 1:colcon.colcon_core.package_identification:_identify(src) by extensions ['ros']
[2.268s] Level 1:colcon.colcon_core.package_identification:_identify(src) by extension 'ros'
[2.268s] Level 1:colcon.colcon_core.package_identification:_identify(src) by extensions ['cmake', 'python']
[2.268s] Level 1:colcon.colcon_core.package_identification:_identify(src) by extension 'cmake'
[2.268s] Level 1:colcon.colcon_core.package_identification:_identify(src) by extension 'python'
[2.268s] Level 1:colcon.colcon_core.package_identification:_identify(src) by extensions ['python_setup_py']
[2.268s] Level 1:colcon.colcon_core.package_identification:_identify(src) by extension 'python_setup_py'
[2.268s] Level 1:colcon.colcon_core.package_identification:_identify(src/my_cpp_pkg) by extensions ['ignore', 'ignore_ament_install']
[2.269s] Level 1:colcon.colcon_core.package_identification:_identify(src/my_cpp_pkg) by extension 'ignore'
[2.269s] Level 1:colcon.colcon_core.package_identification:_identify(src/my_cpp_pkg) by extension 'ignore_ament_install'
[2.269s] Level 1:colcon.colcon_core.package_identification:_identify(src/my_cpp_pkg) by extensions ['colcon_pkg']
[2.269s] Level 1:colcon.colcon_core.package_identification:_identify(src/my_cpp_pkg) by extension 'colcon_pkg'
[2.269s] Level 1:colcon.colcon_core.package_identification:_identify(src/my_cpp_pkg) by extensions ['colcon_meta']
[2.269s] Level 1:colcon.colcon_core.package_identification:_identify(src/my_cpp_pkg) by extension 'colcon_meta'
[2.269s] Level 1:colcon.colcon_core.package_identification:_identify(src/my_cpp_pkg) by extensions ['ros']
[2.269s] Level 1:colcon.colcon_core.package_identification:_identify(src/my_cpp_pkg) by extension 'ros'
[2.274s] DEBUG:colcon.colcon_core.package_identification:Package 'src/my_cpp_pkg' with type 'ros.ament_cmake' and name 'my_cpp_pkg'
[2.275s] Level 1:colcon.colcon_core.package_identification:_identify(src/my_py_pkg) by extensions ['ignore', 'ignore_ament_install']
[2.275s] Level 1:colcon.colcon_core.package_identification:_identify(src/my_py_pkg) by extension 'ignore'
[2.275s] Level 1:colcon.colcon_core.package_identification:_identify(src/my_py_pkg) by extension 'ignore_ament_install'
[2.275s] Level 1:colcon.colcon_core.package_identification:_identify(src/my_py_pkg) by extensions ['colcon_pkg']
[2.275s] Level 1:colcon.colcon_core.package_identification:_identify(src/my_py_pkg) by extension 'colcon_pkg'
[2.275s] Level 1:colcon.colcon_core.package_identification:_identify(src/my_py_pkg) by extensions ['colcon_meta']
[2.275s] Level 1:colcon.colcon_core.package_identification:_identify(src/my_py_pkg) by extension 'colcon_meta'
[2.275s] Level 1:colcon.colcon_core.package_identification:_identify(src/my_py_pkg) by extensions ['ros']
[2.275s] Level 1:colcon.colcon_core.package_identification:_identify(src/my_py_pkg) by extension 'ros'
[2.276s] DEBUG:colcon.colcon_core.package_identification:Package 'src/my_py_pkg' with type 'ros.ament_python' and name 'my_py_pkg'
[2.277s] Level 1:colcon.colcon_core.package_discovery:discover_packages(recursive) using defaults
[2.277s] Level 1:colcon.colcon_core.package_discovery:discover_packages(ignore) discover
[2.277s] Level 1:colcon.colcon_core.package_discovery:discover_packages(ignore) using defaults
[2.277s] Level 1:colcon.colcon_core.package_discovery:discover_packages(path) discover
[2.277s] Level 1:colcon.colcon_core.package_discovery:discover_packages(path) using defaults
[2.308s] WARNING:colcon.colcon_core.package_selection:ignoring unknown package '_pkg' in --packages-select
[2.410s] INFO:colcon.colcon_core.package_selection:Skipping not selected package 'my_py_pkg' in 'src/my_py_pkg'
[2.471s] Level 1:colcon.colcon_core.package_discovery:discover_packages(prefix_path) check parameters
[2.472s] Level 1:colcon.colcon_core.package_discovery:discover_packages(prefix_path) discover
[2.536s] DEBUG:colcon.colcon_installed_package_information.package_discovery:Found 2 installed packages in /home/hansukim/ros2_ws/install
[2.568s] DEBUG:colcon.colcon_installed_package_information.package_discovery:Found 270 installed packages in /opt/ros/humble
[2.572s] Level 1:colcon.colcon_core.package_discovery:discover_packages(prefix_path) using defaults
[2.735s] Level 5:colcon.colcon_core.verb:set package 'my_cpp_pkg' build argument 'cmake_args' from command line to 'None'
[2.735s] Level 5:colcon.colcon_core.verb:set package 'my_cpp_pkg' build argument 'cmake_target' from command line to 'None'
[2.735s] Level 5:colcon.colcon_core.verb:set package 'my_cpp_pkg' build argument 'cmake_target_skip_unavailable' from command line to 'False'
[2.735s] Level 5:colcon.colcon_core.verb:set package 'my_cpp_pkg' build argument 'cmake_clean_cache' from command line to 'False'
[2.735s] Level 5:colcon.colcon_core.verb:set package 'my_cpp_pkg' build argument 'cmake_clean_first' from command line to 'False'
[2.735s] Level 5:colcon.colcon_core.verb:set package 'my_cpp_pkg' build argument 'cmake_force_configure' from command line to 'False'
[2.735s] Level 5:colcon.colcon_core.verb:set package 'my_cpp_pkg' build argument 'ament_cmake_args' from command line to 'None'
[2.735s] Level 5:colcon.colcon_core.verb:set package 'my_cpp_pkg' build argument 'catkin_cmake_args' from command line to 'None'
[2.735s] Level 5:colcon.colcon_core.verb:set package 'my_cpp_pkg' build argument 'catkin_skip_building_tests' from command line to 'False'
[2.735s] DEBUG:colcon.colcon_core.verb:Building package 'my_cpp_pkg' with the following arguments: {'ament_cmake_args': None, 'build_base': '/home/hansukim/ros2_ws/build/my_cpp_pkg', 'catkin_cmake_args': None, 'catkin_skip_building_tests': False, 'cmake_args': None, 'cmake_clean_cache': False, 'cmake_clean_first': False, 'cmake_force_configure': False, 'cmake_target': None, 'cmake_target_skip_unavailable': False, 'install_base': '/home/hansukim/ros2_ws/install/my_cpp_pkg', 'merge_install': False, 'path': '/home/hansukim/ros2_ws/src/my_cpp_pkg', 'symlink_install': False, 'test_result_base': None}
[2.765s] INFO:colcon.colcon_core.executor:Executing jobs using 'parallel' executor
[2.796s] DEBUG:colcon.colcon_parallel_executor.executor.parallel:run_until_complete
[2.797s] INFO:colcon.colcon_ros.task.ament_cmake.build:Building ROS package in '/home/hansukim/ros2_ws/src/my_cpp_pkg' with build type 'ament_cmake'
[2.797s] INFO:colcon.colcon_cmake.task.cmake.build:Building CMake package in '/home/hansukim/ros2_ws/src/my_cpp_pkg'
[2.831s] INFO:colcon.colcon_core.plugin_system:Skipping extension 'colcon_core.shell.bat': Not used on non-Windows systems
[2.832s] INFO:colcon.colcon_core.shell:Skip shell extension 'powershell' for command environment: Not usable outside of PowerShell
[2.832s] DEBUG:colcon.colcon_core.shell:Skip shell extension 'dsv' for command environment
[2.972s] DEBUG:colcon.colcon_core.event_handler.log_command:Invoking command in '/home/hansukim/ros2_ws/build/my_cpp_pkg': CMAKE_PREFIX_PATH=${CMAKE_PREFIX_PATH}:/home/hansukim/ros2_ws/install/my_py_pkg:/opt/ros/humble /usr/bin/cmake --build /home/hansukim/ros2_ws/build/my_cpp_pkg -- -j8 -l8
[9.334s] DEBUG:colcon.colcon_core.event_handler.log_command:Invoked command in '/home/hansukim/ros2_ws/build/my_cpp_pkg' returned '0': CMAKE_PREFIX_PATH=${CMAKE_PREFIX_PATH}:/home/hansukim/ros2_ws/install/my_py_pkg:/opt/ros/humble /usr/bin/cmake --build /home/hansukim/ros2_ws/build/my_cpp_pkg -- -j8 -l8
[9.423s] DEBUG:colcon.colcon_core.event_handler.log_command:Invoking command in '/home/hansukim/ros2_ws/build/my_cpp_pkg': CMAKE_PREFIX_PATH=${CMAKE_PREFIX_PATH}:/home/hansukim/ros2_ws/install/my_py_pkg:/opt/ros/humble /usr/bin/cmake --install /home/hansukim/ros2_ws/build/my_cpp_pkg
[9.459s] Level 1:colcon.colcon_core.environment:create_environment_scripts_only(my_cpp_pkg)
[9.462s] DEBUG:colcon.colcon_core.event_handler.log_command:Invoked command in '/home/hansukim/ros2_ws/build/my_cpp_pkg' returned '0': CMAKE_PREFIX_PATH=${CMAKE_PREFIX_PATH}:/home/hansukim/ros2_ws/install/my_py_pkg:/opt/ros/humble /usr/bin/cmake --install /home/hansukim/ros2_ws/build/my_cpp_pkg
[9.505s] Level 1:colcon.colcon_core.environment:checking '/home/hansukim/ros2_ws/install/my_cpp_pkg' for CMake module files
[9.506s] Level 1:colcon.colcon_core.environment:checking '/home/hansukim/ros2_ws/install/my_cpp_pkg' for CMake config files
[9.506s] Level 1:colcon.colcon_core.shell:create_environment_hook('my_cpp_pkg', 'cmake_prefix_path')
[9.539s] INFO:colcon.colcon_core.shell:Creating environment hook '/home/hansukim/ros2_ws/install/my_cpp_pkg/share/my_cpp_pkg/hook/cmake_prefix_path.ps1'
[9.541s] INFO:colcon.colcon_core.shell:Creating environment descriptor '/home/hansukim/ros2_ws/install/my_cpp_pkg/share/my_cpp_pkg/hook/cmake_prefix_path.dsv'
[9.541s] INFO:colcon.colcon_core.shell:Creating environment hook '/home/hansukim/ros2_ws/install/my_cpp_pkg/share/my_cpp_pkg/hook/cmake_prefix_path.sh'
[9.543s] Level 1:colcon.colcon_core.environment:checking '/home/hansukim/ros2_ws/install/my_cpp_pkg/lib'
[9.543s] Level 1:colcon.colcon_core.environment:checking '/home/hansukim/ros2_ws/install/my_cpp_pkg/bin'
[9.544s] Level 1:colcon.colcon_core.environment:checking '/home/hansukim/ros2_ws/install/my_cpp_pkg/lib/pkgconfig/my_cpp_pkg.pc'
[9.544s] Level 1:colcon.colcon_core.environment:checking '/home/hansukim/ros2_ws/install/my_cpp_pkg/lib/python3.10/site-packages'
[9.545s] Level 1:colcon.colcon_core.environment:checking '/home/hansukim/ros2_ws/install/my_cpp_pkg/bin'
[9.579s] INFO:colcon.colcon_core.shell:Creating package script '/home/hansukim/ros2_ws/install/my_cpp_pkg/share/my_cpp_pkg/package.ps1'
[9.581s] INFO:colcon.colcon_core.shell:Creating package descriptor '/home/hansukim/ros2_ws/install/my_cpp_pkg/share/my_cpp_pkg/package.dsv'
[9.582s] INFO:colcon.colcon_core.shell:Creating package script '/home/hansukim/ros2_ws/install/my_cpp_pkg/share/my_cpp_pkg/package.sh'
[9.583s] INFO:colcon.colcon_core.shell:Creating package script '/home/hansukim/ros2_ws/install/my_cpp_pkg/share/my_cpp_pkg/package.bash'
[9.584s] INFO:colcon.colcon_core.shell:Creating package script '/home/hansukim/ros2_ws/install/my_cpp_pkg/share/my_cpp_pkg/package.zsh'
[9.586s] Level 1:colcon.colcon_core.environment:create_file_with_runtime_dependencies(/home/hansukim/ros2_ws/install/my_cpp_pkg/share/colcon-core/packages/my_cpp_pkg)
[9.664s] Level 1:colcon.colcon_core.environment:create_environment_scripts_only(my_cpp_pkg)
[9.697s] Level 1:colcon.colcon_core.environment:checking '/home/hansukim/ros2_ws/install/my_cpp_pkg' for CMake module files
[9.698s] Level 1:colcon.colcon_core.environment:checking '/home/hansukim/ros2_ws/install/my_cpp_pkg' for CMake config files
[9.699s] Level 1:colcon.colcon_core.shell:create_environment_hook('my_cpp_pkg', 'cmake_prefix_path')
[9.732s] INFO:colcon.colcon_core.shell:Creating environment hook '/home/hansukim/ros2_ws/install/my_cpp_pkg/share/my_cpp_pkg/hook/cmake_prefix_path.ps1'
[9.733s] INFO:colcon.colcon_core.shell:Creating environment descriptor '/home/hansukim/ros2_ws/install/my_cpp_pkg/share/my_cpp_pkg/hook/cmake_prefix_path.dsv'
[9.734s] INFO:colcon.colcon_core.shell:Creating environment hook '/home/hansukim/ros2_ws/install/my_cpp_pkg/share/my_cpp_pkg/hook/cmake_prefix_path.sh'
[9.735s] Level 1:colcon.colcon_core.environment:checking '/home/hansukim/ros2_ws/install/my_cpp_pkg/lib'
[9.735s] Level 1:colcon.colcon_core.environment:checking '/home/hansukim/ros2_ws/install/my_cpp_pkg/bin'
[9.736s] Level 1:colcon.colcon_core.environment:checking '/home/hansukim/ros2_ws/install/my_cpp_pkg/lib/pkgconfig/my_cpp_pkg.pc'
[9.736s] Level 1:colcon.colcon_core.environment:checking '/home/hansukim/ros2_ws/install/my_cpp_pkg/lib/python3.10/site-packages'
[9.737s] Level 1:colcon.colcon_core.environment:checking '/home/hansukim/ros2_ws/install/my_cpp_pkg/bin'
[9.771s] INFO:colcon.colcon_core.shell:Creating package script '/home/hansukim/ros2_ws/install/my_cpp_pkg/share/my_cpp_pkg/package.ps1'
[9.772s] INFO:colcon.colcon_core.shell:Creating package descriptor '/home/hansukim/ros2_ws/install/my_cpp_pkg/share/my_cpp_pkg/package.dsv'
[9.773s] INFO:colcon.colcon_core.shell:Creating package script '/home/hansukim/ros2_ws/install/my_cpp_pkg/share/my_cpp_pkg/package.sh'
[9.774s] INFO:colcon.colcon_core.shell:Creating package script '/home/hansukim/ros2_ws/install/my_cpp_pkg/share/my_cpp_pkg/package.bash'
[9.775s] INFO:colcon.colcon_core.shell:Creating package script '/home/hansukim/ros2_ws/install/my_cpp_pkg/share/my_cpp_pkg/package.zsh'
[9.776s] Level 1:colcon.colcon_core.environment:create_file_with_runtime_dependencies(/home/hansukim/ros2_ws/install/my_cpp_pkg/share/colcon-core/packages/my_cpp_pkg)
[9.777s] DEBUG:colcon.colcon_parallel_executor.executor.parallel:closing loop
[9.777s] DEBUG:colcon.colcon_parallel_executor.executor.parallel:loop closed
[9.777s] DEBUG:colcon.colcon_parallel_executor.executor.parallel:run_until_complete finished with '0'
[9.777s] DEBUG:colcon.colcon_core.event_reactor:joining thread
[9.822s] INFO:colcon.colcon_core.plugin_system:Skipping extension 'colcon_notification.desktop_notification.terminal_notifier': Not used on non-Darwin systems
[9.822s] INFO:colcon.colcon_core.plugin_system:Skipping extension 'colcon_notification.desktop_notification.win32': Not used on non-Windows systems
[9.822s] INFO:colcon.colcon_notification.desktop_notification:Sending desktop notification using 'notify2'
[9.846s] DEBUG:colcon.colcon_core.event_reactor:joined thread
[9.881s] INFO:colcon.colcon_core.shell:Creating prefix script '/home/hansukim/ros2_ws/install/local_setup.ps1'
[9.883s] INFO:colcon.colcon_core.shell:Creating prefix util module '/home/hansukim/ros2_ws/install/_local_setup_util_ps1.py'
[9.886s] INFO:colcon.colcon_core.shell:Creating prefix chain script '/home/hansukim/ros2_ws/install/setup.ps1'
[9.923s] INFO:colcon.colcon_core.shell:Creating prefix script '/home/hansukim/ros2_ws/install/local_setup.sh'
[9.924s] INFO:colcon.colcon_core.shell:Creating prefix util module '/home/hansukim/ros2_ws/install/_local_setup_util_sh.py'
[9.925s] INFO:colcon.colcon_core.shell:Creating prefix chain script '/home/hansukim/ros2_ws/install/setup.sh'
[9.961s] INFO:colcon.colcon_core.shell:Creating prefix script '/home/hansukim/ros2_ws/install/local_setup.bash'
[9.962s] INFO:colcon.colcon_core.shell:Creating prefix chain script '/home/hansukim/ros2_ws/install/setup.bash'
[9.998s] INFO:colcon.colcon_core.shell:Creating prefix script '/home/hansukim/ros2_ws/install/local_setup.zsh'
[9.999s] INFO:colcon.colcon_core.shell:Creating prefix chain script '/home/hansukim/ros2_ws/install/setup.zsh'
