[0.216s] Invoking command in '/home/hansukim/ros2_ws/build/my_cpp_pkg': CMAKE_PREFIX_PATH=${CMAKE_PREFIX_PATH}:/home/hansukim/ros2_ws/install/my_py_pkg:/opt/ros/humble /usr/bin/cmake --build /home/hansukim/ros2_ws/build/my_cpp_pkg -- -j8 -l8
[0.297s] [35m[1mConsolidate compiler generated dependencies of target cpp_node[0m
[0.337s] [ 50%] [32mBuilding CXX object CMakeFiles/cpp_node.dir/src/my_first_node.cpp.o[0m
[6.284s] [100%] [32m[1mLinking CXX executable cpp_node[0m
[6.525s] [100%] Built target cpp_node
[6.546s] Invoked command in '/home/hansukim/ros2_ws/build/my_cpp_pkg' returned '0': CMAKE_PREFIX_PATH=${CMAKE_PREFIX_PATH}:/home/hansukim/ros2_ws/install/my_py_pkg:/opt/ros/humble /usr/bin/cmake --build /home/hansukim/ros2_ws/build/my_cpp_pkg -- -j8 -l8
[6.613s] Invoking command in '/home/hansukim/ros2_ws/build/my_cpp_pkg': CMAKE_PREFIX_PATH=${CMAKE_PREFIX_PATH}:/home/hansukim/ros2_ws/install/my_py_pkg:/opt/ros/humble /usr/bin/cmake --install /home/hansukim/ros2_ws/build/my_cpp_pkg
[6.627s] -- Install configuration: ""
[6.628s] -- Installing: /home/hansukim/ros2_ws/install/my_cpp_pkg/lib/my_cpp_pkg/cpp_node
[6.630s] -- Set runtime path of "/home/hansukim/ros2_ws/install/my_cpp_pkg/lib/my_cpp_pkg/cpp_node" to ""
[6.630s] -- Up-to-date: /home/hansukim/ros2_ws/install/my_cpp_pkg/share/ament_index/resource_index/package_run_dependencies/my_cpp_pkg
[6.630s] -- Up-to-date: /home/hansukim/ros2_ws/install/my_cpp_pkg/share/ament_index/resource_index/parent_prefix_path/my_cpp_pkg
[6.630s] -- Up-to-date: /home/hansukim/ros2_ws/install/my_cpp_pkg/share/my_cpp_pkg/environment/ament_prefix_path.sh
[6.630s] -- Up-to-date: /home/hansukim/ros2_ws/install/my_cpp_pkg/share/my_cpp_pkg/environment/ament_prefix_path.dsv
[6.630s] -- Up-to-date: /home/hansukim/ros2_ws/install/my_cpp_pkg/share/my_cpp_pkg/environment/path.sh
[6.630s] -- Up-to-date: /home/hansukim/ros2_ws/install/my_cpp_pkg/share/my_cpp_pkg/environment/path.dsv
[6.631s] -- Up-to-date: /home/hansukim/ros2_ws/install/my_cpp_pkg/share/my_cpp_pkg/local_setup.bash
[6.631s] -- Up-to-date: /home/hansukim/ros2_ws/install/my_cpp_pkg/share/my_cpp_pkg/local_setup.sh
[6.631s] -- Up-to-date: /home/hansukim/ros2_ws/install/my_cpp_pkg/share/my_cpp_pkg/local_setup.zsh
[6.631s] -- Up-to-date: /home/hansukim/ros2_ws/install/my_cpp_pkg/share/my_cpp_pkg/local_setup.dsv
[6.631s] -- Installing: /home/hansukim/ros2_ws/install/my_cpp_pkg/share/my_cpp_pkg/package.dsv
[6.631s] -- Up-to-date: /home/hansukim/ros2_ws/install/my_cpp_pkg/share/ament_index/resource_index/packages/my_cpp_pkg
[6.631s] -- Up-to-date: /home/hansukim/ros2_ws/install/my_cpp_pkg/share/my_cpp_pkg/cmake/my_cpp_pkgConfig.cmake
[6.632s] -- Up-to-date: /home/hansukim/ros2_ws/install/my_cpp_pkg/share/my_cpp_pkg/cmake/my_cpp_pkgConfig-version.cmake
[6.632s] -- Up-to-date: /home/hansukim/ros2_ws/install/my_cpp_pkg/share/my_cpp_pkg/package.xml
[6.641s] Invoked command in '/home/hansukim/ros2_ws/build/my_cpp_pkg' returned '0': CMAKE_PREFIX_PATH=${CMAKE_PREFIX_PATH}:/home/hansukim/ros2_ws/install/my_py_pkg:/opt/ros/humble /usr/bin/cmake --install /home/hansukim/ros2_ws/build/my_cpp_pkg
