[1.966s] DEBUG:colcon:Command line arguments: ['/usr/bin/colcon', 'build', '--packages-select', 'a_bringup', '--symlink-install']
[1.966s] DEBUG:colcon:Parsed command line arguments: Namespace(log_base=None, log_level=None, verb_name='build', build_base='build', install_base='install', merge_install=False, symlink_install=True, test_result_base=None, continue_on_error=False, executor='parallel', parallel_workers=8, event_handlers=None, ignore_user_meta=False, metas=['./colcon.meta'], base_paths=['.'], packages_ignore=None, packages_ignore_regex=None, paths=None, packages_up_to=None, packages_up_to_regex=None, packages_above=None, packages_above_and_dependencies=None, packages_above_depth=None, packages_select_by_dep=None, packages_skip_by_dep=None, packages_skip_up_to=None, packages_select_build_failed=False, packages_skip_build_finished=False, packages_select_test_failures=False, packages_skip_test_passed=False, packages_select=['a_bringup'], packages_skip=None, packages_select_regex=None, packages_skip_regex=None, packages_start=None, packages_end=None, allow_overriding=[], cmake_args=None, cmake_target=None, cmake_target_skip_unavailable=False, cmake_clean_cache=False, cmake_clean_first=False, cmake_force_configure=False, ament_cmake_args=None, catkin_cmake_args=None, catkin_skip_building_tests=False, verb_parser=<colcon_defaults.argument_parser.defaults.DefaultArgumentsDecorator object at 0x7f4727e04f70>, verb_extension=<colcon_core.verb.build.BuildVerb object at 0x7f4727e048b0>, main=<bound method BuildVerb.main of <colcon_core.verb.build.BuildVerb object at 0x7f4727e048b0>>)
[2.079s] Level 1:colcon.colcon_core.package_discovery:discover_packages(colcon_meta) check parameters
[2.079s] Level 1:colcon.colcon_core.package_discovery:discover_packages(recursive) check parameters
[2.079s] Level 1:colcon.colcon_core.package_discovery:discover_packages(ignore) check parameters
[2.079s] Level 1:colcon.colcon_core.package_discovery:discover_packages(path) check parameters
[2.079s] Level 1:colcon.colcon_core.package_discovery:discover_packages(colcon_meta) discover
[2.079s] Level 1:colcon.colcon_core.package_discovery:discover_packages(recursive) discover
[2.079s] INFO:colcon.colcon_core.package_discovery:Crawling recursively for packages in '/home/hansukim/ros2_ws'
[2.080s] Level 1:colcon.colcon_core.package_identification:_identify(.) by extensions ['ignore', 'ignore_ament_install']
[2.080s] Level 1:colcon.colcon_core.package_identification:_identify(.) by extension 'ignore'
[2.080s] Level 1:colcon.colcon_core.package_identification:_identify(.) by extension 'ignore_ament_install'
[2.080s] Level 1:colcon.colcon_core.package_identification:_identify(.) by extensions ['colcon_pkg']
[2.080s] Level 1:colcon.colcon_core.package_identification:_identify(.) by extension 'colcon_pkg'
[2.080s] Level 1:colcon.colcon_core.package_identification:_identify(.) by extensions ['colcon_meta']
[2.080s] Level 1:colcon.colcon_core.package_identification:_identify(.) by extension 'colcon_meta'
[2.080s] Level 1:colcon.colcon_core.package_identification:_identify(.) by extensions ['ros']
[2.080s] Level 1:colcon.colcon_core.package_identification:_identify(.) by extension 'ros'
[2.109s] Level 1:colcon.colcon_core.package_identification:_identify(.) by extensions ['cmake', 'python']
[2.109s] Level 1:colcon.colcon_core.package_identification:_identify(.) by extension 'cmake'
[2.109s] Level 1:colcon.colcon_core.package_identification:_identify(.) by extension 'python'
[2.109s] Level 1:colcon.colcon_core.package_identification:_identify(.) by extensions ['python_setup_py']
[2.109s] Level 1:colcon.colcon_core.package_identification:_identify(.) by extension 'python_setup_py'
[2.109s] Level 1:colcon.colcon_core.package_identification:_identify(build) by extensions ['ignore', 'ignore_ament_install']
[2.109s] Level 1:colcon.colcon_core.package_identification:_identify(build) by extension 'ignore'
[2.110s] Level 1:colcon.colcon_core.package_identification:_identify(build) ignored
[2.110s] Level 1:colcon.colcon_core.package_identification:_identify(install) by extensions ['ignore', 'ignore_ament_install']
[2.110s] Level 1:colcon.colcon_core.package_identification:_identify(install) by extension 'ignore'
[2.110s] Level 1:colcon.colcon_core.package_identification:_identify(install) ignored
[2.110s] Level 1:colcon.colcon_core.package_identification:_identify(log) by extensions ['ignore', 'ignore_ament_install']
[2.110s] Level 1:colcon.colcon_core.package_identification:_identify(log) by extension 'ignore'
[2.111s] Level 1:colcon.colcon_core.package_identification:_identify(log) ignored
[2.111s] Level 1:colcon.colcon_core.package_identification:_identify(src) by extensions ['ignore', 'ignore_ament_install']
[2.111s] Level 1:colcon.colcon_core.package_identification:_identify(src) by extension 'ignore'
[2.111s] Level 1:colcon.colcon_core.package_identification:_identify(src) by extension 'ignore_ament_install'
[2.111s] Level 1:colcon.colcon_core.package_identification:_identify(src) by extensions ['colcon_pkg']
[2.111s] Level 1:colcon.colcon_core.package_identification:_identify(src) by extension 'colcon_pkg'
[2.111s] Level 1:colcon.colcon_core.package_identification:_identify(src) by extensions ['colcon_meta']
[2.111s] Level 1:colcon.colcon_core.package_identification:_identify(src) by extension 'colcon_meta'
[2.111s] Level 1:colcon.colcon_core.package_identification:_identify(src) by extensions ['ros']
[2.111s] Level 1:colcon.colcon_core.package_identification:_identify(src) by extension 'ros'
[2.112s] Level 1:colcon.colcon_core.package_identification:_identify(src) by extensions ['cmake', 'python']
[2.112s] Level 1:colcon.colcon_core.package_identification:_identify(src) by extension 'cmake'
[2.112s] Level 1:colcon.colcon_core.package_identification:_identify(src) by extension 'python'
[2.112s] Level 1:colcon.colcon_core.package_identification:_identify(src) by extensions ['python_setup_py']
[2.112s] Level 1:colcon.colcon_core.package_identification:_identify(src) by extension 'python_setup_py'
[2.112s] Level 1:colcon.colcon_core.package_identification:_identify(src/a_bringup) by extensions ['ignore', 'ignore_ament_install']
[2.112s] Level 1:colcon.colcon_core.package_identification:_identify(src/a_bringup) by extension 'ignore'
[2.112s] Level 1:colcon.colcon_core.package_identification:_identify(src/a_bringup) by extension 'ignore_ament_install'
[2.112s] Level 1:colcon.colcon_core.package_identification:_identify(src/a_bringup) by extensions ['colcon_pkg']
[2.113s] Level 1:colcon.colcon_core.package_identification:_identify(src/a_bringup) by extension 'colcon_pkg'
[2.113s] Level 1:colcon.colcon_core.package_identification:_identify(src/a_bringup) by extensions ['colcon_meta']
[2.113s] Level 1:colcon.colcon_core.package_identification:_identify(src/a_bringup) by extension 'colcon_meta'
[2.113s] Level 1:colcon.colcon_core.package_identification:_identify(src/a_bringup) by extensions ['ros']
[2.113s] Level 1:colcon.colcon_core.package_identification:_identify(src/a_bringup) by extension 'ros'
[2.117s] DEBUG:colcon.colcon_core.package_identification:Package 'src/a_bringup' with type 'ros.ament_cmake' and name 'a_bringup'
[2.117s] Level 1:colcon.colcon_core.package_identification:_identify(src/bringup) by extensions ['ignore', 'ignore_ament_install']
[2.118s] Level 1:colcon.colcon_core.package_identification:_identify(src/bringup) by extension 'ignore'
[2.118s] Level 1:colcon.colcon_core.package_identification:_identify(src/bringup) by extension 'ignore_ament_install'
[2.118s] Level 1:colcon.colcon_core.package_identification:_identify(src/bringup) by extensions ['colcon_pkg']
[2.118s] Level 1:colcon.colcon_core.package_identification:_identify(src/bringup) by extension 'colcon_pkg'
[2.118s] Level 1:colcon.colcon_core.package_identification:_identify(src/bringup) by extensions ['colcon_meta']
[2.118s] Level 1:colcon.colcon_core.package_identification:_identify(src/bringup) by extension 'colcon_meta'
[2.118s] Level 1:colcon.colcon_core.package_identification:_identify(src/bringup) by extensions ['ros']
[2.118s] Level 1:colcon.colcon_core.package_identification:_identify(src/bringup) by extension 'ros'
[2.119s] DEBUG:colcon.colcon_core.package_identification:Package 'src/bringup' with type 'ros.ament_cmake' and name 'bringup'
[2.119s] Level 1:colcon.colcon_core.package_identification:_identify(src/my_cpp_pkg) by extensions ['ignore', 'ignore_ament_install']
[2.119s] Level 1:colcon.colcon_core.package_identification:_identify(src/my_cpp_pkg) by extension 'ignore'
[2.120s] Level 1:colcon.colcon_core.package_identification:_identify(src/my_cpp_pkg) by extension 'ignore_ament_install'
[2.120s] Level 1:colcon.colcon_core.package_identification:_identify(src/my_cpp_pkg) by extensions ['colcon_pkg']
[2.120s] Level 1:colcon.colcon_core.package_identification:_identify(src/my_cpp_pkg) by extension 'colcon_pkg'
[2.120s] Level 1:colcon.colcon_core.package_identification:_identify(src/my_cpp_pkg) by extensions ['colcon_meta']
[2.120s] Level 1:colcon.colcon_core.package_identification:_identify(src/my_cpp_pkg) by extension 'colcon_meta'
[2.120s] Level 1:colcon.colcon_core.package_identification:_identify(src/my_cpp_pkg) by extensions ['ros']
[2.120s] Level 1:colcon.colcon_core.package_identification:_identify(src/my_cpp_pkg) by extension 'ros'
[2.121s] DEBUG:colcon.colcon_core.package_identification:Package 'src/my_cpp_pkg' with type 'ros.ament_cmake' and name 'my_cpp_pkg'
[2.121s] Level 1:colcon.colcon_core.package_discovery:discover_packages(recursive) using defaults
[2.122s] Level 1:colcon.colcon_core.package_discovery:discover_packages(ignore) discover
[2.122s] Level 1:colcon.colcon_core.package_discovery:discover_packages(ignore) using defaults
[2.122s] Level 1:colcon.colcon_core.package_discovery:discover_packages(path) discover
[2.122s] Level 1:colcon.colcon_core.package_discovery:discover_packages(path) using defaults
[2.248s] INFO:colcon.colcon_core.package_selection:Skipping not selected package 'my_cpp_pkg' in 'src/my_cpp_pkg'
[2.248s] INFO:colcon.colcon_core.package_selection:Skipping not selected package 'bringup' in 'src/bringup'
[2.306s] Level 1:colcon.colcon_core.package_discovery:discover_packages(prefix_path) check parameters
[2.306s] Level 1:colcon.colcon_core.package_discovery:discover_packages(prefix_path) discover
[2.338s] WARNING:colcon.colcon_ros.prefix_path.ament:The path '/home/hansukim/ros2_ws/install/my_py_pkg' in the environment variable AMENT_PREFIX_PATH doesn't exist
[2.369s] DEBUG:colcon.colcon_installed_package_information.package_discovery:Found 2 installed packages in /home/hansukim/ros2_ws/install
[2.401s] DEBUG:colcon.colcon_installed_package_information.package_discovery:Found 10 installed packages in /home/hansukim/ws_sensor_combined/install
[2.432s] DEBUG:colcon.colcon_installed_package_information.package_discovery:Found 277 installed packages in /opt/ros/humble
[2.434s] Level 1:colcon.colcon_core.package_discovery:discover_packages(prefix_path) using defaults
[2.585s] Level 5:colcon.colcon_core.verb:set package 'a_bringup' build argument 'cmake_args' from command line to 'None'
[2.585s] Level 5:colcon.colcon_core.verb:set package 'a_bringup' build argument 'cmake_target' from command line to 'None'
[2.585s] Level 5:colcon.colcon_core.verb:set package 'a_bringup' build argument 'cmake_target_skip_unavailable' from command line to 'False'
[2.585s] Level 5:colcon.colcon_core.verb:set package 'a_bringup' build argument 'cmake_clean_cache' from command line to 'False'
[2.585s] Level 5:colcon.colcon_core.verb:set package 'a_bringup' build argument 'cmake_clean_first' from command line to 'False'
[2.585s] Level 5:colcon.colcon_core.verb:set package 'a_bringup' build argument 'cmake_force_configure' from command line to 'False'
[2.585s] Level 5:colcon.colcon_core.verb:set package 'a_bringup' build argument 'ament_cmake_args' from command line to 'None'
[2.585s] Level 5:colcon.colcon_core.verb:set package 'a_bringup' build argument 'catkin_cmake_args' from command line to 'None'
[2.585s] Level 5:colcon.colcon_core.verb:set package 'a_bringup' build argument 'catkin_skip_building_tests' from command line to 'False'
[2.586s] DEBUG:colcon.colcon_core.verb:Building package 'a_bringup' with the following arguments: {'ament_cmake_args': None, 'build_base': '/home/hansukim/ros2_ws/build/a_bringup', 'catkin_cmake_args': None, 'catkin_skip_building_tests': False, 'cmake_args': None, 'cmake_clean_cache': False, 'cmake_clean_first': False, 'cmake_force_configure': False, 'cmake_target': None, 'cmake_target_skip_unavailable': False, 'install_base': '/home/hansukim/ros2_ws/install/a_bringup', 'merge_install': False, 'path': '/home/hansukim/ros2_ws/src/a_bringup', 'symlink_install': True, 'test_result_base': None}
[2.616s] INFO:colcon.colcon_core.executor:Executing jobs using 'parallel' executor
[2.669s] DEBUG:colcon.colcon_parallel_executor.executor.parallel:run_until_complete
[2.669s] INFO:colcon.colcon_ros.task.ament_cmake.build:Building ROS package in '/home/hansukim/ros2_ws/src/a_bringup' with build type 'ament_cmake'
[2.669s] INFO:colcon.colcon_cmake.task.cmake.build:Building CMake package in '/home/hansukim/ros2_ws/src/a_bringup'
[2.706s] INFO:colcon.colcon_core.plugin_system:Skipping extension 'colcon_core.shell.bat': Not used on non-Windows systems
[2.706s] INFO:colcon.colcon_core.shell:Skip shell extension 'powershell' for command environment: Not usable outside of PowerShell
[2.707s] DEBUG:colcon.colcon_core.shell:Skip shell extension 'dsv' for command environment
[2.845s] DEBUG:colcon.colcon_core.event_handler.log_command:Invoking command in '/home/hansukim/ros2_ws/build/a_bringup': CMAKE_PREFIX_PATH=/home/hansukim/ros2_ws/install/my_cpp_pkg:/home/hansukim/ws_sensor_combined/install/key_event:/home/hansukim/ws_sensor_combined/install/px4_ros_com:/home/hansukim/ws_sensor_combined/install/example_mode_with_executor_cpp:/home/hansukim/ws_sensor_combined/install/example_mode_rtl_replacement_cpp:/home/hansukim/ws_sensor_combined/install/example_mode_manual_cpp:/home/hansukim/ws_sensor_combined/install/example_mode_goto_cpp:/home/hansukim/ws_sensor_combined/install/example_local_navigation_cpp:/home/hansukim/ws_sensor_combined/install/example_global_navigation_cpp:/home/hansukim/ws_sensor_combined/install/px4_ros2_cpp:/home/hansukim/ws_sensor_combined/install/px4_msgs:/home/hansukim/ros2_ws/install/my_py_pkg:/opt/ros/humble /usr/bin/cmake /home/hansukim/ros2_ws/src/a_bringup -DAMENT_CMAKE_SYMLINK_INSTALL=1 -DCMAKE_INSTALL_PREFIX=/home/hansukim/ros2_ws/install/a_bringup
[4.478s] DEBUG:colcon.colcon_core.event_handler.log_command:Invoked command in '/home/hansukim/ros2_ws/build/a_bringup' returned '0': CMAKE_PREFIX_PATH=/home/hansukim/ros2_ws/install/my_cpp_pkg:/home/hansukim/ws_sensor_combined/install/key_event:/home/hansukim/ws_sensor_combined/install/px4_ros_com:/home/hansukim/ws_sensor_combined/install/example_mode_with_executor_cpp:/home/hansukim/ws_sensor_combined/install/example_mode_rtl_replacement_cpp:/home/hansukim/ws_sensor_combined/install/example_mode_manual_cpp:/home/hansukim/ws_sensor_combined/install/example_mode_goto_cpp:/home/hansukim/ws_sensor_combined/install/example_local_navigation_cpp:/home/hansukim/ws_sensor_combined/install/example_global_navigation_cpp:/home/hansukim/ws_sensor_combined/install/px4_ros2_cpp:/home/hansukim/ws_sensor_combined/install/px4_msgs:/home/hansukim/ros2_ws/install/my_py_pkg:/opt/ros/humble /usr/bin/cmake /home/hansukim/ros2_ws/src/a_bringup -DAMENT_CMAKE_SYMLINK_INSTALL=1 -DCMAKE_INSTALL_PREFIX=/home/hansukim/ros2_ws/install/a_bringup
[4.482s] DEBUG:colcon.colcon_core.event_handler.log_command:Invoking command in '/home/hansukim/ros2_ws/build/a_bringup': CMAKE_PREFIX_PATH=/home/hansukim/ros2_ws/install/my_cpp_pkg:/home/hansukim/ws_sensor_combined/install/key_event:/home/hansukim/ws_sensor_combined/install/px4_ros_com:/home/hansukim/ws_sensor_combined/install/example_mode_with_executor_cpp:/home/hansukim/ws_sensor_combined/install/example_mode_rtl_replacement_cpp:/home/hansukim/ws_sensor_combined/install/example_mode_manual_cpp:/home/hansukim/ws_sensor_combined/install/example_mode_goto_cpp:/home/hansukim/ws_sensor_combined/install/example_local_navigation_cpp:/home/hansukim/ws_sensor_combined/install/example_global_navigation_cpp:/home/hansukim/ws_sensor_combined/install/px4_ros2_cpp:/home/hansukim/ws_sensor_combined/install/px4_msgs:/home/hansukim/ros2_ws/install/my_py_pkg:/opt/ros/humble /usr/bin/cmake --build /home/hansukim/ros2_ws/build/a_bringup -- -j8 -l8
[4.552s] DEBUG:colcon.colcon_core.event_handler.log_command:Invoked command in '/home/hansukim/ros2_ws/build/a_bringup' returned '0': CMAKE_PREFIX_PATH=/home/hansukim/ros2_ws/install/my_cpp_pkg:/home/hansukim/ws_sensor_combined/install/key_event:/home/hansukim/ws_sensor_combined/install/px4_ros_com:/home/hansukim/ws_sensor_combined/install/example_mode_with_executor_cpp:/home/hansukim/ws_sensor_combined/install/example_mode_rtl_replacement_cpp:/home/hansukim/ws_sensor_combined/install/example_mode_manual_cpp:/home/hansukim/ws_sensor_combined/install/example_mode_goto_cpp:/home/hansukim/ws_sensor_combined/install/example_local_navigation_cpp:/home/hansukim/ws_sensor_combined/install/example_global_navigation_cpp:/home/hansukim/ws_sensor_combined/install/px4_ros2_cpp:/home/hansukim/ws_sensor_combined/install/px4_msgs:/home/hansukim/ros2_ws/install/my_py_pkg:/opt/ros/humble /usr/bin/cmake --build /home/hansukim/ros2_ws/build/a_bringup -- -j8 -l8
[4.614s] DEBUG:colcon.colcon_core.event_handler.log_command:Invoking command in '/home/hansukim/ros2_ws/build/a_bringup': CMAKE_PREFIX_PATH=/home/hansukim/ros2_ws/install/my_cpp_pkg:/home/hansukim/ws_sensor_combined/install/key_event:/home/hansukim/ws_sensor_combined/install/px4_ros_com:/home/hansukim/ws_sensor_combined/install/example_mode_with_executor_cpp:/home/hansukim/ws_sensor_combined/install/example_mode_rtl_replacement_cpp:/home/hansukim/ws_sensor_combined/install/example_mode_manual_cpp:/home/hansukim/ws_sensor_combined/install/example_mode_goto_cpp:/home/hansukim/ws_sensor_combined/install/example_local_navigation_cpp:/home/hansukim/ws_sensor_combined/install/example_global_navigation_cpp:/home/hansukim/ws_sensor_combined/install/px4_ros2_cpp:/home/hansukim/ws_sensor_combined/install/px4_msgs:/home/hansukim/ros2_ws/install/my_py_pkg:/opt/ros/humble /usr/bin/cmake --install /home/hansukim/ros2_ws/build/a_bringup
[4.904s] Level 1:colcon.colcon_core.environment:create_environment_scripts_only(a_bringup)
[4.905s] DEBUG:colcon.colcon_core.event_handler.log_command:Invoked command in '/home/hansukim/ros2_ws/build/a_bringup' returned '0': CMAKE_PREFIX_PATH=/home/hansukim/ros2_ws/install/my_cpp_pkg:/home/hansukim/ws_sensor_combined/install/key_event:/home/hansukim/ws_sensor_combined/install/px4_ros_com:/home/hansukim/ws_sensor_combined/install/example_mode_with_executor_cpp:/home/hansukim/ws_sensor_combined/install/example_mode_rtl_replacement_cpp:/home/hansukim/ws_sensor_combined/install/example_mode_manual_cpp:/home/hansukim/ws_sensor_combined/install/example_mode_goto_cpp:/home/hansukim/ws_sensor_combined/install/example_local_navigation_cpp:/home/hansukim/ws_sensor_combined/install/example_global_navigation_cpp:/home/hansukim/ws_sensor_combined/install/px4_ros2_cpp:/home/hansukim/ws_sensor_combined/install/px4_msgs:/home/hansukim/ros2_ws/install/my_py_pkg:/opt/ros/humble /usr/bin/cmake --install /home/hansukim/ros2_ws/build/a_bringup
[4.940s] Level 1:colcon.colcon_core.environment:checking '/home/hansukim/ros2_ws/install/a_bringup' for CMake module files
[4.941s] Level 1:colcon.colcon_core.environment:checking '/home/hansukim/ros2_ws/install/a_bringup' for CMake config files
[4.942s] Level 1:colcon.colcon_core.shell:create_environment_hook('a_bringup', 'cmake_prefix_path')
[4.971s] INFO:colcon.colcon_core.shell:Creating environment hook '/home/hansukim/ros2_ws/install/a_bringup/share/a_bringup/hook/cmake_prefix_path.ps1'
[4.972s] INFO:colcon.colcon_core.shell:Creating environment descriptor '/home/hansukim/ros2_ws/install/a_bringup/share/a_bringup/hook/cmake_prefix_path.dsv'
[4.973s] INFO:colcon.colcon_core.shell:Creating environment hook '/home/hansukim/ros2_ws/install/a_bringup/share/a_bringup/hook/cmake_prefix_path.sh'
[4.975s] Level 1:colcon.colcon_core.environment:checking '/home/hansukim/ros2_ws/install/a_bringup/bin'
[4.975s] Level 1:colcon.colcon_core.environment:checking '/home/hansukim/ros2_ws/install/a_bringup/lib/pkgconfig/a_bringup.pc'
[4.975s] Level 1:colcon.colcon_core.environment:checking '/home/hansukim/ros2_ws/install/a_bringup/lib/python3.10/site-packages'
[4.976s] Level 1:colcon.colcon_core.environment:checking '/home/hansukim/ros2_ws/install/a_bringup/bin'
[5.008s] INFO:colcon.colcon_core.shell:Creating package script '/home/hansukim/ros2_ws/install/a_bringup/share/a_bringup/package.ps1'
[5.009s] INFO:colcon.colcon_core.shell:Creating package descriptor '/home/hansukim/ros2_ws/install/a_bringup/share/a_bringup/package.dsv'
[5.010s] INFO:colcon.colcon_core.shell:Creating package script '/home/hansukim/ros2_ws/install/a_bringup/share/a_bringup/package.sh'
[5.012s] INFO:colcon.colcon_core.shell:Creating package script '/home/hansukim/ros2_ws/install/a_bringup/share/a_bringup/package.bash'
[5.013s] INFO:colcon.colcon_core.shell:Creating package script '/home/hansukim/ros2_ws/install/a_bringup/share/a_bringup/package.zsh'
[5.014s] Level 1:colcon.colcon_core.environment:create_file_with_runtime_dependencies(/home/hansukim/ros2_ws/install/a_bringup/share/colcon-core/packages/a_bringup)
[5.089s] Level 1:colcon.colcon_core.environment:create_environment_scripts_only(a_bringup)
[5.121s] Level 1:colcon.colcon_core.environment:checking '/home/hansukim/ros2_ws/install/a_bringup' for CMake module files
[5.122s] Level 1:colcon.colcon_core.environment:checking '/home/hansukim/ros2_ws/install/a_bringup' for CMake config files
[5.122s] Level 1:colcon.colcon_core.shell:create_environment_hook('a_bringup', 'cmake_prefix_path')
[5.153s] INFO:colcon.colcon_core.shell:Creating environment hook '/home/hansukim/ros2_ws/install/a_bringup/share/a_bringup/hook/cmake_prefix_path.ps1'
[5.164s] INFO:colcon.colcon_core.shell:Creating environment descriptor '/home/hansukim/ros2_ws/install/a_bringup/share/a_bringup/hook/cmake_prefix_path.dsv'
[5.174s] INFO:colcon.colcon_core.shell:Creating environment hook '/home/hansukim/ros2_ws/install/a_bringup/share/a_bringup/hook/cmake_prefix_path.sh'
[5.185s] Level 1:colcon.colcon_core.environment:checking '/home/hansukim/ros2_ws/install/a_bringup/bin'
[5.185s] Level 1:colcon.colcon_core.environment:checking '/home/hansukim/ros2_ws/install/a_bringup/lib/pkgconfig/a_bringup.pc'
[5.186s] Level 1:colcon.colcon_core.environment:checking '/home/hansukim/ros2_ws/install/a_bringup/lib/python3.10/site-packages'
[5.186s] Level 1:colcon.colcon_core.environment:checking '/home/hansukim/ros2_ws/install/a_bringup/bin'
[5.216s] INFO:colcon.colcon_core.shell:Creating package script '/home/hansukim/ros2_ws/install/a_bringup/share/a_bringup/package.ps1'
[5.228s] INFO:colcon.colcon_core.shell:Creating package descriptor '/home/hansukim/ros2_ws/install/a_bringup/share/a_bringup/package.dsv'
[5.238s] INFO:colcon.colcon_core.shell:Creating package script '/home/hansukim/ros2_ws/install/a_bringup/share/a_bringup/package.sh'
[5.249s] INFO:colcon.colcon_core.shell:Creating package script '/home/hansukim/ros2_ws/install/a_bringup/share/a_bringup/package.bash'
[5.259s] INFO:colcon.colcon_core.shell:Creating package script '/home/hansukim/ros2_ws/install/a_bringup/share/a_bringup/package.zsh'
[5.270s] Level 1:colcon.colcon_core.environment:create_file_with_runtime_dependencies(/home/hansukim/ros2_ws/install/a_bringup/share/colcon-core/packages/a_bringup)
[5.280s] DEBUG:colcon.colcon_parallel_executor.executor.parallel:closing loop
[5.280s] DEBUG:colcon.colcon_parallel_executor.executor.parallel:loop closed
[5.280s] DEBUG:colcon.colcon_parallel_executor.executor.parallel:run_until_complete finished with '0'
[5.281s] DEBUG:colcon.colcon_core.event_reactor:joining thread
[5.322s] INFO:colcon.colcon_core.plugin_system:Skipping extension 'colcon_notification.desktop_notification.terminal_notifier': Not used on non-Darwin systems
[5.323s] INFO:colcon.colcon_core.plugin_system:Skipping extension 'colcon_notification.desktop_notification.win32': Not used on non-Windows systems
[5.323s] INFO:colcon.colcon_notification.desktop_notification:Sending desktop notification using 'notify2'
[5.346s] DEBUG:colcon.colcon_core.event_reactor:joined thread
[5.381s] INFO:colcon.colcon_core.shell:Creating prefix script '/home/hansukim/ros2_ws/install/local_setup.ps1'
[5.393s] INFO:colcon.colcon_core.shell:Creating prefix util module '/home/hansukim/ros2_ws/install/_local_setup_util_ps1.py'
[5.406s] INFO:colcon.colcon_core.shell:Creating prefix chain script '/home/hansukim/ros2_ws/install/setup.ps1'
[5.451s] INFO:colcon.colcon_core.shell:Creating prefix script '/home/hansukim/ros2_ws/install/local_setup.sh'
[5.462s] INFO:colcon.colcon_core.shell:Creating prefix util module '/home/hansukim/ros2_ws/install/_local_setup_util_sh.py'
[5.473s] INFO:colcon.colcon_core.shell:Creating prefix chain script '/home/hansukim/ros2_ws/install/setup.sh'
[5.519s] INFO:colcon.colcon_core.shell:Creating prefix script '/home/hansukim/ros2_ws/install/local_setup.bash'
[5.530s] INFO:colcon.colcon_core.shell:Creating prefix chain script '/home/hansukim/ros2_ws/install/setup.bash'
[5.575s] INFO:colcon.colcon_core.shell:Creating prefix script '/home/hansukim/ros2_ws/install/local_setup.zsh'
[5.585s] INFO:colcon.colcon_core.shell:Creating prefix chain script '/home/hansukim/ros2_ws/install/setup.zsh'
