[2.030s] DEBUG:colcon:Command line arguments: ['/usr/bin/colcon', 'build', '--packages-select', 'my_cpp_pkg']
[2.030s] DEBUG:colcon:Parsed command line arguments: Namespace(log_base=None, log_level=None, verb_name='build', build_base='build', install_base='install', merge_install=False, symlink_install=False, test_result_base=None, continue_on_error=False, executor='parallel', parallel_workers=8, event_handlers=None, ignore_user_meta=False, metas=['./colcon.meta'], base_paths=['.'], packages_ignore=None, packages_ignore_regex=None, paths=None, packages_up_to=None, packages_up_to_regex=None, packages_above=None, packages_above_and_dependencies=None, packages_above_depth=None, packages_select_by_dep=None, packages_skip_by_dep=None, packages_skip_up_to=None, packages_select_build_failed=False, packages_skip_build_finished=False, packages_select_test_failures=False, packages_skip_test_passed=False, packages_select=['my_cpp_pkg'], packages_skip=None, packages_select_regex=None, packages_skip_regex=None, packages_start=None, packages_end=None, allow_overriding=[], cmake_args=None, cmake_target=None, cmake_target_skip_unavailable=False, cmake_clean_cache=False, cmake_clean_first=False, cmake_force_configure=False, ament_cmake_args=None, catkin_cmake_args=None, catkin_skip_building_tests=False, verb_parser=<colcon_defaults.argument_parser.defaults.DefaultArgumentsDecorator object at 0x7f570c814dc0>, verb_extension=<colcon_core.verb.build.BuildVerb object at 0x7f570d147460>, main=<bound method BuildVerb.main of <colcon_core.verb.build.BuildVerb object at 0x7f570d147460>>)
[2.147s] Level 1:colcon.colcon_core.package_discovery:discover_packages(colcon_meta) check parameters
[2.148s] Level 1:colcon.colcon_core.package_discovery:discover_packages(recursive) check parameters
[2.148s] Level 1:colcon.colcon_core.package_discovery:discover_packages(ignore) check parameters
[2.148s] Level 1:colcon.colcon_core.package_discovery:discover_packages(path) check parameters
[2.148s] Level 1:colcon.colcon_core.package_discovery:discover_packages(colcon_meta) discover
[2.148s] Level 1:colcon.colcon_core.package_discovery:discover_packages(recursive) discover
[2.148s] INFO:colcon.colcon_core.package_discovery:Crawling recursively for packages in '/home/hansukim/ros2_ws'
[2.148s] Level 1:colcon.colcon_core.package_identification:_identify(.) by extensions ['ignore', 'ignore_ament_install']
[2.148s] Level 1:colcon.colcon_core.package_identification:_identify(.) by extension 'ignore'
[2.149s] Level 1:colcon.colcon_core.package_identification:_identify(.) by extension 'ignore_ament_install'
[2.149s] Level 1:colcon.colcon_core.package_identification:_identify(.) by extensions ['colcon_pkg']
[2.149s] Level 1:colcon.colcon_core.package_identification:_identify(.) by extension 'colcon_pkg'
[2.149s] Level 1:colcon.colcon_core.package_identification:_identify(.) by extensions ['colcon_meta']
[2.149s] Level 1:colcon.colcon_core.package_identification:_identify(.) by extension 'colcon_meta'
[2.149s] Level 1:colcon.colcon_core.package_identification:_identify(.) by extensions ['ros']
[2.149s] Level 1:colcon.colcon_core.package_identification:_identify(.) by extension 'ros'
[2.177s] Level 1:colcon.colcon_core.package_identification:_identify(.) by extensions ['cmake', 'python']
[2.178s] Level 1:colcon.colcon_core.package_identification:_identify(.) by extension 'cmake'
[2.178s] Level 1:colcon.colcon_core.package_identification:_identify(.) by extension 'python'
[2.178s] Level 1:colcon.colcon_core.package_identification:_identify(.) by extensions ['python_setup_py']
[2.178s] Level 1:colcon.colcon_core.package_identification:_identify(.) by extension 'python_setup_py'
[2.178s] Level 1:colcon.colcon_core.package_identification:_identify(build) by extensions ['ignore', 'ignore_ament_install']
[2.178s] Level 1:colcon.colcon_core.package_identification:_identify(build) by extension 'ignore'
[2.178s] Level 1:colcon.colcon_core.package_identification:_identify(build) ignored
[2.179s] Level 1:colcon.colcon_core.package_identification:_identify(install) by extensions ['ignore', 'ignore_ament_install']
[2.179s] Level 1:colcon.colcon_core.package_identification:_identify(install) by extension 'ignore'
[2.179s] Level 1:colcon.colcon_core.package_identification:_identify(install) ignored
[2.179s] Level 1:colcon.colcon_core.package_identification:_identify(log) by extensions ['ignore', 'ignore_ament_install']
[2.179s] Level 1:colcon.colcon_core.package_identification:_identify(log) by extension 'ignore'
[2.179s] Level 1:colcon.colcon_core.package_identification:_identify(log) ignored
[2.180s] Level 1:colcon.colcon_core.package_identification:_identify(src) by extensions ['ignore', 'ignore_ament_install']
[2.180s] Level 1:colcon.colcon_core.package_identification:_identify(src) by extension 'ignore'
[2.180s] Level 1:colcon.colcon_core.package_identification:_identify(src) by extension 'ignore_ament_install'
[2.180s] Level 1:colcon.colcon_core.package_identification:_identify(src) by extensions ['colcon_pkg']
[2.180s] Level 1:colcon.colcon_core.package_identification:_identify(src) by extension 'colcon_pkg'
[2.180s] Level 1:colcon.colcon_core.package_identification:_identify(src) by extensions ['colcon_meta']
[2.180s] Level 1:colcon.colcon_core.package_identification:_identify(src) by extension 'colcon_meta'
[2.180s] Level 1:colcon.colcon_core.package_identification:_identify(src) by extensions ['ros']
[2.180s] Level 1:colcon.colcon_core.package_identification:_identify(src) by extension 'ros'
[2.180s] Level 1:colcon.colcon_core.package_identification:_identify(src) by extensions ['cmake', 'python']
[2.181s] Level 1:colcon.colcon_core.package_identification:_identify(src) by extension 'cmake'
[2.181s] Level 1:colcon.colcon_core.package_identification:_identify(src) by extension 'python'
[2.181s] Level 1:colcon.colcon_core.package_identification:_identify(src) by extensions ['python_setup_py']
[2.181s] Level 1:colcon.colcon_core.package_identification:_identify(src) by extension 'python_setup_py'
[2.181s] Level 1:colcon.colcon_core.package_identification:_identify(src/my_cpp_pkg) by extensions ['ignore', 'ignore_ament_install']
[2.181s] Level 1:colcon.colcon_core.package_identification:_identify(src/my_cpp_pkg) by extension 'ignore'
[2.181s] Level 1:colcon.colcon_core.package_identification:_identify(src/my_cpp_pkg) by extension 'ignore_ament_install'
[2.181s] Level 1:colcon.colcon_core.package_identification:_identify(src/my_cpp_pkg) by extensions ['colcon_pkg']
[2.181s] Level 1:colcon.colcon_core.package_identification:_identify(src/my_cpp_pkg) by extension 'colcon_pkg'
[2.181s] Level 1:colcon.colcon_core.package_identification:_identify(src/my_cpp_pkg) by extensions ['colcon_meta']
[2.181s] Level 1:colcon.colcon_core.package_identification:_identify(src/my_cpp_pkg) by extension 'colcon_meta'
[2.182s] Level 1:colcon.colcon_core.package_identification:_identify(src/my_cpp_pkg) by extensions ['ros']
[2.182s] Level 1:colcon.colcon_core.package_identification:_identify(src/my_cpp_pkg) by extension 'ros'
[2.187s] DEBUG:colcon.colcon_core.package_identification:Package 'src/my_cpp_pkg' with type 'ros.ament_cmake' and name 'my_cpp_pkg'
[2.187s] Level 1:colcon.colcon_core.package_identification:_identify(src/my_py_pkg) by extensions ['ignore', 'ignore_ament_install']
[2.187s] Level 1:colcon.colcon_core.package_identification:_identify(src/my_py_pkg) by extension 'ignore'
[2.187s] Level 1:colcon.colcon_core.package_identification:_identify(src/my_py_pkg) by extension 'ignore_ament_install'
[2.187s] Level 1:colcon.colcon_core.package_identification:_identify(src/my_py_pkg) by extensions ['colcon_pkg']
[2.187s] Level 1:colcon.colcon_core.package_identification:_identify(src/my_py_pkg) by extension 'colcon_pkg'
[2.188s] Level 1:colcon.colcon_core.package_identification:_identify(src/my_py_pkg) by extensions ['colcon_meta']
[2.188s] Level 1:colcon.colcon_core.package_identification:_identify(src/my_py_pkg) by extension 'colcon_meta'
[2.188s] Level 1:colcon.colcon_core.package_identification:_identify(src/my_py_pkg) by extensions ['ros']
[2.188s] Level 1:colcon.colcon_core.package_identification:_identify(src/my_py_pkg) by extension 'ros'
[2.189s] DEBUG:colcon.colcon_core.package_identification:Package 'src/my_py_pkg' with type 'ros.ament_python' and name 'my_py_pkg'
[2.189s] Level 1:colcon.colcon_core.package_discovery:discover_packages(recursive) using defaults
[2.189s] Level 1:colcon.colcon_core.package_discovery:discover_packages(ignore) discover
[2.189s] Level 1:colcon.colcon_core.package_discovery:discover_packages(ignore) using defaults
[2.189s] Level 1:colcon.colcon_core.package_discovery:discover_packages(path) discover
[2.189s] Level 1:colcon.colcon_core.package_discovery:discover_packages(path) using defaults
[2.316s] INFO:colcon.colcon_core.package_selection:Skipping not selected package 'my_py_pkg' in 'src/my_py_pkg'
[2.374s] Level 1:colcon.colcon_core.package_discovery:discover_packages(prefix_path) check parameters
[2.375s] Level 1:colcon.colcon_core.package_discovery:discover_packages(prefix_path) discover
[2.437s] DEBUG:colcon.colcon_installed_package_information.package_discovery:Found 9 installed packages in /home/hansukim/ws_sensor_combined/install
[2.467s] DEBUG:colcon.colcon_installed_package_information.package_discovery:Found 2 installed packages in /home/hansukim/ros2_ws/install
[2.498s] DEBUG:colcon.colcon_installed_package_information.package_discovery:Found 270 installed packages in /opt/ros/humble
[2.501s] Level 1:colcon.colcon_core.package_discovery:discover_packages(prefix_path) using defaults
[2.649s] Level 5:colcon.colcon_core.verb:set package 'my_cpp_pkg' build argument 'cmake_args' from command line to 'None'
[2.649s] Level 5:colcon.colcon_core.verb:set package 'my_cpp_pkg' build argument 'cmake_target' from command line to 'None'
[2.649s] Level 5:colcon.colcon_core.verb:set package 'my_cpp_pkg' build argument 'cmake_target_skip_unavailable' from command line to 'False'
[2.649s] Level 5:colcon.colcon_core.verb:set package 'my_cpp_pkg' build argument 'cmake_clean_cache' from command line to 'False'
[2.649s] Level 5:colcon.colcon_core.verb:set package 'my_cpp_pkg' build argument 'cmake_clean_first' from command line to 'False'
[2.649s] Level 5:colcon.colcon_core.verb:set package 'my_cpp_pkg' build argument 'cmake_force_configure' from command line to 'False'
[2.650s] Level 5:colcon.colcon_core.verb:set package 'my_cpp_pkg' build argument 'ament_cmake_args' from command line to 'None'
[2.650s] Level 5:colcon.colcon_core.verb:set package 'my_cpp_pkg' build argument 'catkin_cmake_args' from command line to 'None'
[2.650s] Level 5:colcon.colcon_core.verb:set package 'my_cpp_pkg' build argument 'catkin_skip_building_tests' from command line to 'False'
[2.650s] DEBUG:colcon.colcon_core.verb:Building package 'my_cpp_pkg' with the following arguments: {'ament_cmake_args': None, 'build_base': '/home/hansukim/ros2_ws/build/my_cpp_pkg', 'catkin_cmake_args': None, 'catkin_skip_building_tests': False, 'cmake_args': None, 'cmake_clean_cache': False, 'cmake_clean_first': False, 'cmake_force_configure': False, 'cmake_target': None, 'cmake_target_skip_unavailable': False, 'install_base': '/home/hansukim/ros2_ws/install/my_cpp_pkg', 'merge_install': False, 'path': '/home/hansukim/ros2_ws/src/my_cpp_pkg', 'symlink_install': False, 'test_result_base': None}
[2.679s] INFO:colcon.colcon_core.executor:Executing jobs using 'parallel' executor
[2.710s] DEBUG:colcon.colcon_parallel_executor.executor.parallel:run_until_complete
[2.710s] INFO:colcon.colcon_ros.task.ament_cmake.build:Building ROS package in '/home/hansukim/ros2_ws/src/my_cpp_pkg' with build type 'ament_cmake'
[2.710s] INFO:colcon.colcon_cmake.task.cmake.build:Building CMake package in '/home/hansukim/ros2_ws/src/my_cpp_pkg'
[2.763s] INFO:colcon.colcon_core.plugin_system:Skipping extension 'colcon_core.shell.bat': Not used on non-Windows systems
[2.763s] INFO:colcon.colcon_core.shell:Skip shell extension 'powershell' for command environment: Not usable outside of PowerShell
[2.764s] DEBUG:colcon.colcon_core.shell:Skip shell extension 'dsv' for command environment
[2.921s] DEBUG:colcon.colcon_core.event_handler.log_command:Invoking command in '/home/hansukim/ros2_ws/build/my_cpp_pkg': CMAKE_PREFIX_PATH=${CMAKE_PREFIX_PATH}:/home/hansukim/ros2_ws/install/my_py_pkg:/opt/ros/humble /usr/bin/cmake --build /home/hansukim/ros2_ws/build/my_cpp_pkg -- -j8 -l8
[14.116s] DEBUG:colcon.colcon_core.event_handler.log_command:Invoked command in '/home/hansukim/ros2_ws/build/my_cpp_pkg' returned '0': CMAKE_PREFIX_PATH=${CMAKE_PREFIX_PATH}:/home/hansukim/ros2_ws/install/my_py_pkg:/opt/ros/humble /usr/bin/cmake --build /home/hansukim/ros2_ws/build/my_cpp_pkg -- -j8 -l8
[14.193s] DEBUG:colcon.colcon_core.event_handler.log_command:Invoking command in '/home/hansukim/ros2_ws/build/my_cpp_pkg': CMAKE_PREFIX_PATH=${CMAKE_PREFIX_PATH}:/home/hansukim/ros2_ws/install/my_py_pkg:/opt/ros/humble /usr/bin/cmake --install /home/hansukim/ros2_ws/build/my_cpp_pkg
[14.216s] Level 1:colcon.colcon_core.environment:create_environment_scripts_only(my_cpp_pkg)
[14.217s] DEBUG:colcon.colcon_core.event_handler.log_command:Invoked command in '/home/hansukim/ros2_ws/build/my_cpp_pkg' returned '0': CMAKE_PREFIX_PATH=${CMAKE_PREFIX_PATH}:/home/hansukim/ros2_ws/install/my_py_pkg:/opt/ros/humble /usr/bin/cmake --install /home/hansukim/ros2_ws/build/my_cpp_pkg
[14.253s] Level 1:colcon.colcon_core.environment:checking '/home/hansukim/ros2_ws/install/my_cpp_pkg' for CMake module files
[14.254s] Level 1:colcon.colcon_core.environment:checking '/home/hansukim/ros2_ws/install/my_cpp_pkg' for CMake config files
[14.255s] Level 1:colcon.colcon_core.shell:create_environment_hook('my_cpp_pkg', 'cmake_prefix_path')
[14.285s] INFO:colcon.colcon_core.shell:Creating environment hook '/home/hansukim/ros2_ws/install/my_cpp_pkg/share/my_cpp_pkg/hook/cmake_prefix_path.ps1'
[14.292s] INFO:colcon.colcon_core.shell:Creating environment descriptor '/home/hansukim/ros2_ws/install/my_cpp_pkg/share/my_cpp_pkg/hook/cmake_prefix_path.dsv'
[14.299s] INFO:colcon.colcon_core.shell:Creating environment hook '/home/hansukim/ros2_ws/install/my_cpp_pkg/share/my_cpp_pkg/hook/cmake_prefix_path.sh'
[14.307s] Level 1:colcon.colcon_core.environment:checking '/home/hansukim/ros2_ws/install/my_cpp_pkg/lib'
[14.307s] Level 1:colcon.colcon_core.environment:checking '/home/hansukim/ros2_ws/install/my_cpp_pkg/bin'
[14.307s] Level 1:colcon.colcon_core.environment:checking '/home/hansukim/ros2_ws/install/my_cpp_pkg/lib/pkgconfig/my_cpp_pkg.pc'
[14.308s] Level 1:colcon.colcon_core.environment:checking '/home/hansukim/ros2_ws/install/my_cpp_pkg/lib/python3.10/site-packages'
[14.308s] Level 1:colcon.colcon_core.environment:checking '/home/hansukim/ros2_ws/install/my_cpp_pkg/bin'
[14.341s] INFO:colcon.colcon_core.shell:Creating package script '/home/hansukim/ros2_ws/install/my_cpp_pkg/share/my_cpp_pkg/package.ps1'
[14.349s] INFO:colcon.colcon_core.shell:Creating package descriptor '/home/hansukim/ros2_ws/install/my_cpp_pkg/share/my_cpp_pkg/package.dsv'
[14.356s] INFO:colcon.colcon_core.shell:Creating package script '/home/hansukim/ros2_ws/install/my_cpp_pkg/share/my_cpp_pkg/package.sh'
[14.362s] INFO:colcon.colcon_core.shell:Creating package script '/home/hansukim/ros2_ws/install/my_cpp_pkg/share/my_cpp_pkg/package.bash'
[14.370s] INFO:colcon.colcon_core.shell:Creating package script '/home/hansukim/ros2_ws/install/my_cpp_pkg/share/my_cpp_pkg/package.zsh'
[14.377s] Level 1:colcon.colcon_core.environment:create_file_with_runtime_dependencies(/home/hansukim/ros2_ws/install/my_cpp_pkg/share/colcon-core/packages/my_cpp_pkg)
[14.471s] Level 1:colcon.colcon_core.environment:create_environment_scripts_only(my_cpp_pkg)
[14.501s] Level 1:colcon.colcon_core.environment:checking '/home/hansukim/ros2_ws/install/my_cpp_pkg' for CMake module files
[14.502s] Level 1:colcon.colcon_core.environment:checking '/home/hansukim/ros2_ws/install/my_cpp_pkg' for CMake config files
[14.502s] Level 1:colcon.colcon_core.shell:create_environment_hook('my_cpp_pkg', 'cmake_prefix_path')
[14.537s] INFO:colcon.colcon_core.shell:Creating environment hook '/home/hansukim/ros2_ws/install/my_cpp_pkg/share/my_cpp_pkg/hook/cmake_prefix_path.ps1'
[14.538s] INFO:colcon.colcon_core.shell:Creating environment descriptor '/home/hansukim/ros2_ws/install/my_cpp_pkg/share/my_cpp_pkg/hook/cmake_prefix_path.dsv'
[14.538s] INFO:colcon.colcon_core.shell:Creating environment hook '/home/hansukim/ros2_ws/install/my_cpp_pkg/share/my_cpp_pkg/hook/cmake_prefix_path.sh'
[14.539s] Level 1:colcon.colcon_core.environment:checking '/home/hansukim/ros2_ws/install/my_cpp_pkg/lib'
[14.540s] Level 1:colcon.colcon_core.environment:checking '/home/hansukim/ros2_ws/install/my_cpp_pkg/bin'
[14.540s] Level 1:colcon.colcon_core.environment:checking '/home/hansukim/ros2_ws/install/my_cpp_pkg/lib/pkgconfig/my_cpp_pkg.pc'
[14.540s] Level 1:colcon.colcon_core.environment:checking '/home/hansukim/ros2_ws/install/my_cpp_pkg/lib/python3.10/site-packages'
[14.541s] Level 1:colcon.colcon_core.environment:checking '/home/hansukim/ros2_ws/install/my_cpp_pkg/bin'
[14.572s] INFO:colcon.colcon_core.shell:Creating package script '/home/hansukim/ros2_ws/install/my_cpp_pkg/share/my_cpp_pkg/package.ps1'
[14.573s] INFO:colcon.colcon_core.shell:Creating package descriptor '/home/hansukim/ros2_ws/install/my_cpp_pkg/share/my_cpp_pkg/package.dsv'
[14.574s] INFO:colcon.colcon_core.shell:Creating package script '/home/hansukim/ros2_ws/install/my_cpp_pkg/share/my_cpp_pkg/package.sh'
[14.574s] INFO:colcon.colcon_core.shell:Creating package script '/home/hansukim/ros2_ws/install/my_cpp_pkg/share/my_cpp_pkg/package.bash'
[14.575s] INFO:colcon.colcon_core.shell:Creating package script '/home/hansukim/ros2_ws/install/my_cpp_pkg/share/my_cpp_pkg/package.zsh'
[14.576s] Level 1:colcon.colcon_core.environment:create_file_with_runtime_dependencies(/home/hansukim/ros2_ws/install/my_cpp_pkg/share/colcon-core/packages/my_cpp_pkg)
[14.576s] DEBUG:colcon.colcon_parallel_executor.executor.parallel:closing loop
[14.576s] DEBUG:colcon.colcon_parallel_executor.executor.parallel:loop closed
[14.576s] DEBUG:colcon.colcon_parallel_executor.executor.parallel:run_until_complete finished with '0'
[14.577s] DEBUG:colcon.colcon_core.event_reactor:joining thread
[14.624s] INFO:colcon.colcon_core.plugin_system:Skipping extension 'colcon_notification.desktop_notification.terminal_notifier': Not used on non-Darwin systems
[14.624s] INFO:colcon.colcon_core.plugin_system:Skipping extension 'colcon_notification.desktop_notification.win32': Not used on non-Windows systems
[14.625s] INFO:colcon.colcon_notification.desktop_notification:Sending desktop notification using 'notify2'
[14.648s] DEBUG:colcon.colcon_core.event_reactor:joined thread
[14.682s] INFO:colcon.colcon_core.shell:Creating prefix script '/home/hansukim/ros2_ws/install/local_setup.ps1'
[14.690s] INFO:colcon.colcon_core.shell:Creating prefix util module '/home/hansukim/ros2_ws/install/_local_setup_util_ps1.py'
[14.698s] INFO:colcon.colcon_core.shell:Creating prefix chain script '/home/hansukim/ros2_ws/install/setup.ps1'
[14.740s] INFO:colcon.colcon_core.shell:Creating prefix script '/home/hansukim/ros2_ws/install/local_setup.sh'
[14.748s] INFO:colcon.colcon_core.shell:Creating prefix util module '/home/hansukim/ros2_ws/install/_local_setup_util_sh.py'
[14.754s] INFO:colcon.colcon_core.shell:Creating prefix chain script '/home/hansukim/ros2_ws/install/setup.sh'
[14.796s] INFO:colcon.colcon_core.shell:Creating prefix script '/home/hansukim/ros2_ws/install/local_setup.bash'
[14.802s] INFO:colcon.colcon_core.shell:Creating prefix chain script '/home/hansukim/ros2_ws/install/setup.bash'
[14.842s] INFO:colcon.colcon_core.shell:Creating prefix script '/home/hansukim/ros2_ws/install/local_setup.zsh'
[14.849s] INFO:colcon.colcon_core.shell:Creating prefix chain script '/home/hansukim/ros2_ws/install/setup.zsh'
