[0.173s] Invoking command in '/home/hansukim/ros2_ws/build/my_cpp_pkg': CMAKE_PREFIX_PATH=${CMAKE_PREFIX_PATH}:/home/hansukim/ros2_ws/install/my_py_pkg:/opt/ros/humble /usr/bin/cmake --build /home/hansukim/ros2_ws/build/my_cpp_pkg -- -j8 -l8
[0.247s] [35m[1mConsolidate compiler generated dependencies of target cpp_node[0m
[0.280s] [ 50%] [32mBuilding CXX object CMakeFiles/cpp_node.dir/src/my_first_node.cpp.o[0m
[6.260s] [100%] [32m[1mLinking CXX executable cpp_node[0m
[6.515s] [100%] Built target cpp_node
[6.535s] Invoked command in '/home/hansukim/ros2_ws/build/my_cpp_pkg' returned '0': CMAKE_PREFIX_PATH=${CMAKE_PREFIX_PATH}:/home/hansukim/ros2_ws/install/my_py_pkg:/opt/ros/humble /usr/bin/cmake --build /home/hansukim/ros2_ws/build/my_cpp_pkg -- -j8 -l8
[6.625s] Invoking command in '/home/hansukim/ros2_ws/build/my_cpp_pkg': CMAKE_PREFIX_PATH=${CMAKE_PREFIX_PATH}:/home/hansukim/ros2_ws/install/my_py_pkg:/opt/ros/humble /usr/bin/cmake --install /home/hansukim/ros2_ws/build/my_cpp_pkg
[6.649s] -- Install configuration: ""
[6.650s] -- Installing: /home/hansukim/ros2_ws/install/my_cpp_pkg/lib/my_cpp_pkg/cpp_node
[6.651s] -- Set runtime path of "/home/hansukim/ros2_ws/install/my_cpp_pkg/lib/my_cpp_pkg/cpp_node" to ""
[6.651s] -- Up-to-date: /home/hansukim/ros2_ws/install/my_cpp_pkg/share/ament_index/resource_index/package_run_dependencies/my_cpp_pkg
[6.652s] -- Up-to-date: /home/hansukim/ros2_ws/install/my_cpp_pkg/share/ament_index/resource_index/parent_prefix_path/my_cpp_pkg
[6.652s] -- Up-to-date: /home/hansukim/ros2_ws/install/my_cpp_pkg/share/my_cpp_pkg/environment/ament_prefix_path.sh
[6.652s] -- Up-to-date: /home/hansukim/ros2_ws/install/my_cpp_pkg/share/my_cpp_pkg/environment/ament_prefix_path.dsv
[6.653s] -- Up-to-date: /home/hansukim/ros2_ws/install/my_cpp_pkg/share/my_cpp_pkg/environment/path.sh
[6.653s] -- Up-to-date: /home/hansukim/ros2_ws/install/my_cpp_pkg/share/my_cpp_pkg/environment/path.dsv
[6.653s] -- Up-to-date: /home/hansukim/ros2_ws/install/my_cpp_pkg/share/my_cpp_pkg/local_setup.bash
[6.654s] -- Up-to-date: /home/hansukim/ros2_ws/install/my_cpp_pkg/share/my_cpp_pkg/local_setup.sh
[6.654s] -- Up-to-date: /home/hansukim/ros2_ws/install/my_cpp_pkg/share/my_cpp_pkg/local_setup.zsh
[6.654s] -- Up-to-date: /home/hansukim/ros2_ws/install/my_cpp_pkg/share/my_cpp_pkg/local_setup.dsv
[6.654s] -- Installing: /home/hansukim/ros2_ws/install/my_cpp_pkg/share/my_cpp_pkg/package.dsv
[6.655s] -- Up-to-date: /home/hansukim/ros2_ws/install/my_cpp_pkg/share/ament_index/resource_index/packages/my_cpp_pkg
[6.655s] -- Up-to-date: /home/hansukim/ros2_ws/install/my_cpp_pkg/share/my_cpp_pkg/cmake/my_cpp_pkgConfig.cmake
[6.655s] -- Up-to-date: /home/hansukim/ros2_ws/install/my_cpp_pkg/share/my_cpp_pkg/cmake/my_cpp_pkgConfig-version.cmake
[6.656s] -- Up-to-date: /home/hansukim/ros2_ws/install/my_cpp_pkg/share/my_cpp_pkg/package.xml
[6.663s] Invoked command in '/home/hansukim/ros2_ws/build/my_cpp_pkg' returned '0': CMAKE_PREFIX_PATH=${CMAKE_PREFIX_PATH}:/home/hansukim/ros2_ws/install/my_py_pkg:/opt/ros/humble /usr/bin/cmake --install /home/hansukim/ros2_ws/build/my_cpp_pkg
