[0.209s] Invoking command in '/home/hansukim/ros2_ws/build/my_cpp_pkg': CMAKE_PREFIX_PATH=${CMAKE_PREFIX_PATH}:/home/hansukim/ros2_ws/install/my_py_pkg:/opt/ros/humble /usr/bin/cmake --build /home/hansukim/ros2_ws/build/my_cpp_pkg -- -j8 -l8
[0.284s] [35m[1mConsolidate compiler generated dependencies of target cpp_node[0m
[0.322s] [100%] Built target cpp_node
[0.342s] Invoked command in '/home/hansukim/ros2_ws/build/my_cpp_pkg' returned '0': CMAKE_PREFIX_PATH=${CMAKE_PREFIX_PATH}:/home/hansukim/ros2_ws/install/my_py_pkg:/opt/ros/humble /usr/bin/cmake --build /home/hansukim/ros2_ws/build/my_cpp_pkg -- -j8 -l8
[0.406s] Invoking command in '/home/hansukim/ros2_ws/build/my_cpp_pkg': CMAKE_PREFIX_PATH=${CMAKE_PREFIX_PATH}:/home/hansukim/ros2_ws/install/my_py_pkg:/opt/ros/humble /usr/bin/cmake --install /home/hansukim/ros2_ws/build/my_cpp_pkg
[0.419s] -- Install configuration: ""
[0.419s] -- Up-to-date: /home/hansukim/ros2_ws/install/my_cpp_pkg/lib/my_cpp_pkg/cpp_node
[0.420s] -- Up-to-date: /home/hansukim/ros2_ws/install/my_cpp_pkg/share/ament_index/resource_index/package_run_dependencies/my_cpp_pkg
[0.420s] -- Up-to-date: /home/hansukim/ros2_ws/install/my_cpp_pkg/share/ament_index/resource_index/parent_prefix_path/my_cpp_pkg
[0.420s] -- Up-to-date: /home/hansukim/ros2_ws/install/my_cpp_pkg/share/my_cpp_pkg/environment/ament_prefix_path.sh
[0.420s] -- Up-to-date: /home/hansukim/ros2_ws/install/my_cpp_pkg/share/my_cpp_pkg/environment/ament_prefix_path.dsv
[0.420s] -- Up-to-date: /home/hansukim/ros2_ws/install/my_cpp_pkg/share/my_cpp_pkg/environment/path.sh
[0.421s] -- Up-to-date: /home/hansukim/ros2_ws/install/my_cpp_pkg/share/my_cpp_pkg/environment/path.dsv
[0.421s] -- Up-to-date: /home/hansukim/ros2_ws/install/my_cpp_pkg/share/my_cpp_pkg/local_setup.bash
[0.421s] -- Up-to-date: /home/hansukim/ros2_ws/install/my_cpp_pkg/share/my_cpp_pkg/local_setup.sh
[0.421s] -- Up-to-date: /home/hansukim/ros2_ws/install/my_cpp_pkg/share/my_cpp_pkg/local_setup.zsh
[0.421s] -- Up-to-date: /home/hansukim/ros2_ws/install/my_cpp_pkg/share/my_cpp_pkg/local_setup.dsv
[0.421s] -- Installing: /home/hansukim/ros2_ws/install/my_cpp_pkg/share/my_cpp_pkg/package.dsv
[0.421s] -- Up-to-date: /home/hansukim/ros2_ws/install/my_cpp_pkg/share/ament_index/resource_index/packages/my_cpp_pkg
[0.422s] -- Up-to-date: /home/hansukim/ros2_ws/install/my_cpp_pkg/share/my_cpp_pkg/cmake/my_cpp_pkgConfig.cmake
[0.422s] -- Up-to-date: /home/hansukim/ros2_ws/install/my_cpp_pkg/share/my_cpp_pkg/cmake/my_cpp_pkgConfig-version.cmake
[0.422s] -- Up-to-date: /home/hansukim/ros2_ws/install/my_cpp_pkg/share/my_cpp_pkg/package.xml
[0.433s] Invoked command in '/home/hansukim/ros2_ws/build/my_cpp_pkg' returned '0': CMAKE_PREFIX_PATH=${CMAKE_PREFIX_PATH}:/home/hansukim/ros2_ws/install/my_py_pkg:/opt/ros/humble /usr/bin/cmake --install /home/hansukim/ros2_ws/build/my_cpp_pkg
