[0.733s] Invoking command in '/home/hansukim/ros2_ws/src/my_py_pkg': PYTHONPATH=/home/hansukim/ros2_ws/build/my_py_pkg/prefix_override:/home/hansukim/ros2_ws/install/my_py_pkg/lib/python3.10/site-packages:${PYTHONPATH} /usr/bin/python3 setup.py egg_info --egg-base ../../build/my_py_pkg build --build-base /home/hansukim/ros2_ws/build/my_py_pkg/build install --record /home/hansukim/ros2_ws/build/my_py_pkg/install.log --single-version-externally-managed
[0.911s] running egg_info
[0.911s] creating ../../build/my_py_pkg/my_py_pkg.egg-info
[0.924s] writing ../../build/my_py_pkg/my_py_pkg.egg-info/PKG-INFO
[0.925s] writing dependency_links to ../../build/my_py_pkg/my_py_pkg.egg-info/dependency_links.txt
[0.925s] writing requirements to ../../build/my_py_pkg/my_py_pkg.egg-info/requires.txt
[0.925s] writing top-level names to ../../build/my_py_pkg/my_py_pkg.egg-info/top_level.txt
[0.925s] writing manifest file '../../build/my_py_pkg/my_py_pkg.egg-info/SOURCES.txt'
[0.951s] reading manifest file '../../build/my_py_pkg/my_py_pkg.egg-info/SOURCES.txt'
[0.952s] writing manifest file '../../build/my_py_pkg/my_py_pkg.egg-info/SOURCES.txt'
[0.952s] running build
[0.952s] running build_py
[0.952s] creating /home/hansukim/ros2_ws/build/my_py_pkg/build
[0.952s] creating /home/hansukim/ros2_ws/build/my_py_pkg/build/lib
[0.953s] creating /home/hansukim/ros2_ws/build/my_py_pkg/build/lib/my_py_pkg
[0.953s] copying my_py_pkg/__init__.py -> /home/hansukim/ros2_ws/build/my_py_pkg/build/lib/my_py_pkg
[0.953s] running install
[0.954s] /home/hansukim/.local/lib/python3.10/site-packages/setuptools/_distutils/cmd.py:66: SetuptoolsDeprecationWarning: setup.py install is deprecated.
[0.954s] !!
[0.954s] 
[0.954s]         ********************************************************************************
[0.954s]         Please avoid running ``setup.py`` directly.
[0.954s]         Instead, use pypa/build, pypa/installer or other
[0.954s]         standards-based tools.
[0.954s] 
[0.954s]         See https://blog.ganssle.io/articles/2021/10/setup-py-deprecated.html for details.
[0.954s]         ********************************************************************************
[0.954s] 
[0.955s] !!
[0.955s]   self.initialize_options()
[0.959s] running install_lib
[0.971s] creating /home/hansukim/ros2_ws/install/my_py_pkg/lib/python3.10/site-packages/my_py_pkg
[0.972s] copying /home/hansukim/ros2_ws/build/my_py_pkg/build/lib/my_py_pkg/__init__.py -> /home/hansukim/ros2_ws/install/my_py_pkg/lib/python3.10/site-packages/my_py_pkg
[0.972s] byte-compiling /home/hansukim/ros2_ws/install/my_py_pkg/lib/python3.10/site-packages/my_py_pkg/__init__.py to __init__.cpython-310.pyc
[0.972s] running install_data
[0.985s] creating /home/hansukim/ros2_ws/install/my_py_pkg/share/ament_index
[0.985s] creating /home/hansukim/ros2_ws/install/my_py_pkg/share/ament_index/resource_index
[0.985s] creating /home/hansukim/ros2_ws/install/my_py_pkg/share/ament_index/resource_index/packages
[0.985s] copying resource/my_py_pkg -> /home/hansukim/ros2_ws/install/my_py_pkg/share/ament_index/resource_index/packages
[0.985s] copying package.xml -> /home/hansukim/ros2_ws/install/my_py_pkg/share/my_py_pkg
[0.985s] running install_egg_info
[0.999s] Copying ../../build/my_py_pkg/my_py_pkg.egg-info to /home/hansukim/ros2_ws/install/my_py_pkg/lib/python3.10/site-packages/my_py_pkg-0.0.0-py3.10.egg-info
[0.999s] running install_scripts
[1.116s] writing list of installed files to '/home/hansukim/ros2_ws/build/my_py_pkg/install.log'
[1.139s] Invoked command in '/home/hansukim/ros2_ws/src/my_py_pkg' returned '0': PYTHONPATH=/home/hansukim/ros2_ws/build/my_py_pkg/prefix_override:/home/hansukim/ros2_ws/install/my_py_pkg/lib/python3.10/site-packages:${PYTHONPATH} /usr/bin/python3 setup.py egg_info --egg-base ../../build/my_py_pkg build --build-base /home/hansukim/ros2_ws/build/my_py_pkg/build install --record /home/hansukim/ros2_ws/build/my_py_pkg/install.log --single-version-externally-managed
