[0.174s] Invoking command in '/home/hansukim/ros2_ws/build/a_bringup': CMAKE_PREFIX_PATH=/home/hansukim/ros2_ws/install/my_cpp_pkg:/home/hansukim/ws_sensor_combined/install/key_event:/home/hansukim/ws_sensor_combined/install/px4_ros_com:/home/hansukim/ws_sensor_combined/install/example_mode_with_executor_cpp:/home/hansukim/ws_sensor_combined/install/example_mode_rtl_replacement_cpp:/home/hansukim/ws_sensor_combined/install/example_mode_manual_cpp:/home/hansukim/ws_sensor_combined/install/example_mode_goto_cpp:/home/hansukim/ws_sensor_combined/install/example_local_navigation_cpp:/home/hansukim/ws_sensor_combined/install/example_global_navigation_cpp:/home/hansukim/ws_sensor_combined/install/px4_ros2_cpp:/home/hansukim/ws_sensor_combined/install/px4_msgs:/home/hansukim/ros2_ws/install/my_py_pkg:/opt/ros/humble /usr/bin/cmake /home/hansukim/ros2_ws/src/a_bringup -DAMENT_CMAKE_SYMLINK_INSTALL=1 -DCMAKE_INSTALL_PREFIX=/home/hansukim/ros2_ws/install/a_bringup
[0.289s] -- The C compiler identification is GNU 11.4.0
[0.411s] -- The CXX compiler identification is GNU 11.4.0
[0.424s] -- Detecting C compiler ABI info
[0.576s] -- Detecting C compiler ABI info - done
[0.591s] -- Check for working C compiler: /usr/bin/cc - skipped
[0.591s] -- Detecting C compile features
[0.592s] -- Detecting C compile features - done
[0.598s] -- Detecting CXX compiler ABI info
[0.742s] -- Detecting CXX compiler ABI info - done
[0.758s] -- Check for working CXX compiler: /usr/bin/c++ - skipped
[0.759s] -- Detecting CXX compile features
[0.760s] -- Detecting CXX compile features - done
[0.765s] -- Found ament_cmake: 1.3.8 (/opt/ros/humble/share/ament_cmake/cmake)
[1.455s] -- Found Python3: /usr/bin/python3 (found version "3.10.12") found components: Interpreter 
[1.583s] -- Override CMake install command with custom implementation using symlinks instead of copying resources
[1.784s] -- Configuring done
[1.788s] -- Generating done
[1.800s] -- Build files have been written to: /home/hansukim/ros2_ws/build/a_bringup
[1.807s] Invoked command in '/home/hansukim/ros2_ws/build/a_bringup' returned '0': CMAKE_PREFIX_PATH=/home/hansukim/ros2_ws/install/my_cpp_pkg:/home/hansukim/ws_sensor_combined/install/key_event:/home/hansukim/ws_sensor_combined/install/px4_ros_com:/home/hansukim/ws_sensor_combined/install/example_mode_with_executor_cpp:/home/hansukim/ws_sensor_combined/install/example_mode_rtl_replacement_cpp:/home/hansukim/ws_sensor_combined/install/example_mode_manual_cpp:/home/hansukim/ws_sensor_combined/install/example_mode_goto_cpp:/home/hansukim/ws_sensor_combined/install/example_local_navigation_cpp:/home/hansukim/ws_sensor_combined/install/example_global_navigation_cpp:/home/hansukim/ws_sensor_combined/install/px4_ros2_cpp:/home/hansukim/ws_sensor_combined/install/px4_msgs:/home/hansukim/ros2_ws/install/my_py_pkg:/opt/ros/humble /usr/bin/cmake /home/hansukim/ros2_ws/src/a_bringup -DAMENT_CMAKE_SYMLINK_INSTALL=1 -DCMAKE_INSTALL_PREFIX=/home/hansukim/ros2_ws/install/a_bringup
[1.811s] Invoking command in '/home/hansukim/ros2_ws/build/a_bringup': CMAKE_PREFIX_PATH=/home/hansukim/ros2_ws/install/my_cpp_pkg:/home/hansukim/ws_sensor_combined/install/key_event:/home/hansukim/ws_sensor_combined/install/px4_ros_com:/home/hansukim/ws_sensor_combined/install/example_mode_with_executor_cpp:/home/hansukim/ws_sensor_combined/install/example_mode_rtl_replacement_cpp:/home/hansukim/ws_sensor_combined/install/example_mode_manual_cpp:/home/hansukim/ws_sensor_combined/install/example_mode_goto_cpp:/home/hansukim/ws_sensor_combined/install/example_local_navigation_cpp:/home/hansukim/ws_sensor_combined/install/example_global_navigation_cpp:/home/hansukim/ws_sensor_combined/install/px4_ros2_cpp:/home/hansukim/ws_sensor_combined/install/px4_msgs:/home/hansukim/ros2_ws/install/my_py_pkg:/opt/ros/humble /usr/bin/cmake --build /home/hansukim/ros2_ws/build/a_bringup -- -j8 -l8
[1.881s] Invoked command in '/home/hansukim/ros2_ws/build/a_bringup' returned '0': CMAKE_PREFIX_PATH=/home/hansukim/ros2_ws/install/my_cpp_pkg:/home/hansukim/ws_sensor_combined/install/key_event:/home/hansukim/ws_sensor_combined/install/px4_ros_com:/home/hansukim/ws_sensor_combined/install/example_mode_with_executor_cpp:/home/hansukim/ws_sensor_combined/install/example_mode_rtl_replacement_cpp:/home/hansukim/ws_sensor_combined/install/example_mode_manual_cpp:/home/hansukim/ws_sensor_combined/install/example_mode_goto_cpp:/home/hansukim/ws_sensor_combined/install/example_local_navigation_cpp:/home/hansukim/ws_sensor_combined/install/example_global_navigation_cpp:/home/hansukim/ws_sensor_combined/install/px4_ros2_cpp:/home/hansukim/ws_sensor_combined/install/px4_msgs:/home/hansukim/ros2_ws/install/my_py_pkg:/opt/ros/humble /usr/bin/cmake --build /home/hansukim/ros2_ws/build/a_bringup -- -j8 -l8
[1.943s] Invoking command in '/home/hansukim/ros2_ws/build/a_bringup': CMAKE_PREFIX_PATH=/home/hansukim/ros2_ws/install/my_cpp_pkg:/home/hansukim/ws_sensor_combined/install/key_event:/home/hansukim/ws_sensor_combined/install/px4_ros_com:/home/hansukim/ws_sensor_combined/install/example_mode_with_executor_cpp:/home/hansukim/ws_sensor_combined/install/example_mode_rtl_replacement_cpp:/home/hansukim/ws_sensor_combined/install/example_mode_manual_cpp:/home/hansukim/ws_sensor_combined/install/example_mode_goto_cpp:/home/hansukim/ws_sensor_combined/install/example_local_navigation_cpp:/home/hansukim/ws_sensor_combined/install/example_global_navigation_cpp:/home/hansukim/ws_sensor_combined/install/px4_ros2_cpp:/home/hansukim/ws_sensor_combined/install/px4_msgs:/home/hansukim/ros2_ws/install/my_py_pkg:/opt/ros/humble /usr/bin/cmake --install /home/hansukim/ros2_ws/build/a_bringup
[1.956s] -- Install configuration: ""
[1.957s] -- Execute custom install script
[1.958s] -- Symlinking: /home/hansukim/ros2_ws/install/a_bringup/share/a_bringup/launch/node_run.launch.xml
[1.975s] -- Symlinking: /home/hansukim/ros2_ws/install/a_bringup/share/ament_index/resource_index/package_run_dependencies/a_bringup
[1.991s] -- Symlinking: /home/hansukim/ros2_ws/install/a_bringup/share/ament_index/resource_index/parent_prefix_path/a_bringup
[2.008s] -- Symlinking: /home/hansukim/ros2_ws/install/a_bringup/share/a_bringup/environment/ament_prefix_path.sh
[2.024s] -- Symlinking: /home/hansukim/ros2_ws/install/a_bringup/share/a_bringup/environment/ament_prefix_path.dsv
[2.042s] -- Symlinking: /home/hansukim/ros2_ws/install/a_bringup/share/a_bringup/environment/path.sh
[2.059s] -- Symlinking: /home/hansukim/ros2_ws/install/a_bringup/share/a_bringup/environment/path.dsv
[2.076s] -- Symlinking: /home/hansukim/ros2_ws/install/a_bringup/share/a_bringup/local_setup.bash
[2.093s] -- Symlinking: /home/hansukim/ros2_ws/install/a_bringup/share/a_bringup/local_setup.sh
[2.109s] -- Symlinking: /home/hansukim/ros2_ws/install/a_bringup/share/a_bringup/local_setup.zsh
[2.126s] -- Symlinking: /home/hansukim/ros2_ws/install/a_bringup/share/a_bringup/local_setup.dsv
[2.146s] -- Symlinking: /home/hansukim/ros2_ws/install/a_bringup/share/a_bringup/package.dsv
[2.163s] -- Symlinking: /home/hansukim/ros2_ws/install/a_bringup/share/ament_index/resource_index/packages/a_bringup
[2.180s] -- Symlinking: /home/hansukim/ros2_ws/install/a_bringup/share/a_bringup/cmake/a_bringupConfig.cmake
[2.197s] -- Symlinking: /home/hansukim/ros2_ws/install/a_bringup/share/a_bringup/cmake/a_bringupConfig-version.cmake
[2.214s] -- Symlinking: /home/hansukim/ros2_ws/install/a_bringup/share/a_bringup/package.xml
[2.234s] Invoked command in '/home/hansukim/ros2_ws/build/a_bringup' returned '0': CMAKE_PREFIX_PATH=/home/hansukim/ros2_ws/install/my_cpp_pkg:/home/hansukim/ws_sensor_combined/install/key_event:/home/hansukim/ws_sensor_combined/install/px4_ros_com:/home/hansukim/ws_sensor_combined/install/example_mode_with_executor_cpp:/home/hansukim/ws_sensor_combined/install/example_mode_rtl_replacement_cpp:/home/hansukim/ws_sensor_combined/install/example_mode_manual_cpp:/home/hansukim/ws_sensor_combined/install/example_mode_goto_cpp:/home/hansukim/ws_sensor_combined/install/example_local_navigation_cpp:/home/hansukim/ws_sensor_combined/install/example_global_navigation_cpp:/home/hansukim/ws_sensor_combined/install/px4_ros2_cpp:/home/hansukim/ws_sensor_combined/install/px4_msgs:/home/hansukim/ros2_ws/install/my_py_pkg:/opt/ros/humble /usr/bin/cmake --install /home/hansukim/ros2_ws/build/a_bringup
