[2.522s] DEBUG:colcon:Command line arguments: ['/usr/bin/colcon', 'build', '--packages-select', 'bringup', '--symlink-install']
[2.522s] DEBUG:colcon:Parsed command line arguments: Namespace(log_base=None, log_level=None, verb_name='build', build_base='build', install_base='install', merge_install=False, symlink_install=True, test_result_base=None, continue_on_error=False, executor='parallel', parallel_workers=8, event_handlers=None, ignore_user_meta=False, metas=['./colcon.meta'], base_paths=['.'], packages_ignore=None, packages_ignore_regex=None, paths=None, packages_up_to=None, packages_up_to_regex=None, packages_above=None, packages_above_and_dependencies=None, packages_above_depth=None, packages_select_by_dep=None, packages_skip_by_dep=None, packages_skip_up_to=None, packages_select_build_failed=False, packages_skip_build_finished=False, packages_select_test_failures=False, packages_skip_test_passed=False, packages_select=['bringup'], packages_skip=None, packages_select_regex=None, packages_skip_regex=None, packages_start=None, packages_end=None, allow_overriding=[], cmake_args=None, cmake_target=None, cmake_target_skip_unavailable=False, cmake_clean_cache=False, cmake_clean_first=False, cmake_force_configure=False, ament_cmake_args=None, catkin_cmake_args=None, catkin_skip_building_tests=False, verb_parser=<colcon_defaults.argument_parser.defaults.DefaultArgumentsDecorator object at 0x7f32aa324ee0>, verb_extension=<colcon_core.verb.build.BuildVerb object at 0x7f32aa324820>, main=<bound method BuildVerb.main of <colcon_core.verb.build.BuildVerb object at 0x7f32aa324820>>)
[2.661s] Level 1:colcon.colcon_core.package_discovery:discover_packages(colcon_meta) check parameters
[2.661s] Level 1:colcon.colcon_core.package_discovery:discover_packages(recursive) check parameters
[2.661s] Level 1:colcon.colcon_core.package_discovery:discover_packages(ignore) check parameters
[2.661s] Level 1:colcon.colcon_core.package_discovery:discover_packages(path) check parameters
[2.661s] Level 1:colcon.colcon_core.package_discovery:discover_packages(colcon_meta) discover
[2.662s] Level 1:colcon.colcon_core.package_discovery:discover_packages(recursive) discover
[2.662s] INFO:colcon.colcon_core.package_discovery:Crawling recursively for packages in '/home/hansukim/ros2_ws'
[2.662s] Level 1:colcon.colcon_core.package_identification:_identify(.) by extensions ['ignore', 'ignore_ament_install']
[2.662s] Level 1:colcon.colcon_core.package_identification:_identify(.) by extension 'ignore'
[2.662s] Level 1:colcon.colcon_core.package_identification:_identify(.) by extension 'ignore_ament_install'
[2.662s] Level 1:colcon.colcon_core.package_identification:_identify(.) by extensions ['colcon_pkg']
[2.662s] Level 1:colcon.colcon_core.package_identification:_identify(.) by extension 'colcon_pkg'
[2.663s] Level 1:colcon.colcon_core.package_identification:_identify(.) by extensions ['colcon_meta']
[2.663s] Level 1:colcon.colcon_core.package_identification:_identify(.) by extension 'colcon_meta'
[2.663s] Level 1:colcon.colcon_core.package_identification:_identify(.) by extensions ['ros']
[2.663s] Level 1:colcon.colcon_core.package_identification:_identify(.) by extension 'ros'
[2.696s] Level 1:colcon.colcon_core.package_identification:_identify(.) by extensions ['cmake', 'python']
[2.696s] Level 1:colcon.colcon_core.package_identification:_identify(.) by extension 'cmake'
[2.697s] Level 1:colcon.colcon_core.package_identification:_identify(.) by extension 'python'
[2.697s] Level 1:colcon.colcon_core.package_identification:_identify(.) by extensions ['python_setup_py']
[2.697s] Level 1:colcon.colcon_core.package_identification:_identify(.) by extension 'python_setup_py'
[2.697s] Level 1:colcon.colcon_core.package_identification:_identify(build) by extensions ['ignore', 'ignore_ament_install']
[2.697s] Level 1:colcon.colcon_core.package_identification:_identify(build) by extension 'ignore'
[2.698s] Level 1:colcon.colcon_core.package_identification:_identify(build) ignored
[2.698s] Level 1:colcon.colcon_core.package_identification:_identify(install) by extensions ['ignore', 'ignore_ament_install']
[2.698s] Level 1:colcon.colcon_core.package_identification:_identify(install) by extension 'ignore'
[2.698s] Level 1:colcon.colcon_core.package_identification:_identify(install) ignored
[2.699s] Level 1:colcon.colcon_core.package_identification:_identify(log) by extensions ['ignore', 'ignore_ament_install']
[2.699s] Level 1:colcon.colcon_core.package_identification:_identify(log) by extension 'ignore'
[2.699s] Level 1:colcon.colcon_core.package_identification:_identify(log) ignored
[2.700s] Level 1:colcon.colcon_core.package_identification:_identify(src) by extensions ['ignore', 'ignore_ament_install']
[2.700s] Level 1:colcon.colcon_core.package_identification:_identify(src) by extension 'ignore'
[2.700s] Level 1:colcon.colcon_core.package_identification:_identify(src) by extension 'ignore_ament_install'
[2.700s] Level 1:colcon.colcon_core.package_identification:_identify(src) by extensions ['colcon_pkg']
[2.700s] Level 1:colcon.colcon_core.package_identification:_identify(src) by extension 'colcon_pkg'
[2.701s] Level 1:colcon.colcon_core.package_identification:_identify(src) by extensions ['colcon_meta']
[2.701s] Level 1:colcon.colcon_core.package_identification:_identify(src) by extension 'colcon_meta'
[2.701s] Level 1:colcon.colcon_core.package_identification:_identify(src) by extensions ['ros']
[2.701s] Level 1:colcon.colcon_core.package_identification:_identify(src) by extension 'ros'
[2.701s] Level 1:colcon.colcon_core.package_identification:_identify(src) by extensions ['cmake', 'python']
[2.701s] Level 1:colcon.colcon_core.package_identification:_identify(src) by extension 'cmake'
[2.701s] Level 1:colcon.colcon_core.package_identification:_identify(src) by extension 'python'
[2.702s] Level 1:colcon.colcon_core.package_identification:_identify(src) by extensions ['python_setup_py']
[2.702s] Level 1:colcon.colcon_core.package_identification:_identify(src) by extension 'python_setup_py'
[2.702s] Level 1:colcon.colcon_core.package_identification:_identify(src/bringup) by extensions ['ignore', 'ignore_ament_install']
[2.702s] Level 1:colcon.colcon_core.package_identification:_identify(src/bringup) by extension 'ignore'
[2.702s] Level 1:colcon.colcon_core.package_identification:_identify(src/bringup) by extension 'ignore_ament_install'
[2.703s] Level 1:colcon.colcon_core.package_identification:_identify(src/bringup) by extensions ['colcon_pkg']
[2.703s] Level 1:colcon.colcon_core.package_identification:_identify(src/bringup) by extension 'colcon_pkg'
[2.703s] Level 1:colcon.colcon_core.package_identification:_identify(src/bringup) by extensions ['colcon_meta']
[2.703s] Level 1:colcon.colcon_core.package_identification:_identify(src/bringup) by extension 'colcon_meta'
[2.703s] Level 1:colcon.colcon_core.package_identification:_identify(src/bringup) by extensions ['ros']
[2.703s] Level 1:colcon.colcon_core.package_identification:_identify(src/bringup) by extension 'ros'
[2.708s] DEBUG:colcon.colcon_core.package_identification:Package 'src/bringup' with type 'ros.ament_cmake' and name 'bringup'
[2.708s] Level 1:colcon.colcon_core.package_identification:_identify(src/my_cpp_pkg) by extensions ['ignore', 'ignore_ament_install']
[2.709s] Level 1:colcon.colcon_core.package_identification:_identify(src/my_cpp_pkg) by extension 'ignore'
[2.709s] Level 1:colcon.colcon_core.package_identification:_identify(src/my_cpp_pkg) by extension 'ignore_ament_install'
[2.709s] Level 1:colcon.colcon_core.package_identification:_identify(src/my_cpp_pkg) by extensions ['colcon_pkg']
[2.709s] Level 1:colcon.colcon_core.package_identification:_identify(src/my_cpp_pkg) by extension 'colcon_pkg'
[2.709s] Level 1:colcon.colcon_core.package_identification:_identify(src/my_cpp_pkg) by extensions ['colcon_meta']
[2.710s] Level 1:colcon.colcon_core.package_identification:_identify(src/my_cpp_pkg) by extension 'colcon_meta'
[2.710s] Level 1:colcon.colcon_core.package_identification:_identify(src/my_cpp_pkg) by extensions ['ros']
[2.710s] Level 1:colcon.colcon_core.package_identification:_identify(src/my_cpp_pkg) by extension 'ros'
[2.711s] DEBUG:colcon.colcon_core.package_identification:Package 'src/my_cpp_pkg' with type 'ros.ament_cmake' and name 'my_cpp_pkg'
[2.711s] Level 1:colcon.colcon_core.package_discovery:discover_packages(recursive) using defaults
[2.712s] Level 1:colcon.colcon_core.package_discovery:discover_packages(ignore) discover
[2.712s] Level 1:colcon.colcon_core.package_discovery:discover_packages(ignore) using defaults
[2.712s] Level 1:colcon.colcon_core.package_discovery:discover_packages(path) discover
[2.712s] Level 1:colcon.colcon_core.package_discovery:discover_packages(path) using defaults
[2.863s] INFO:colcon.colcon_core.package_selection:Skipping not selected package 'my_cpp_pkg' in 'src/my_cpp_pkg'
[2.935s] Level 1:colcon.colcon_core.package_discovery:discover_packages(prefix_path) check parameters
[2.935s] Level 1:colcon.colcon_core.package_discovery:discover_packages(prefix_path) discover
[2.971s] WARNING:colcon.colcon_ros.prefix_path.ament:The path '/home/hansukim/ros2_ws/install/my_py_pkg' in the environment variable AMENT_PREFIX_PATH doesn't exist
[3.009s] DEBUG:colcon.colcon_installed_package_information.package_discovery:Found 1 installed packages in /home/hansukim/ros2_ws/install
[3.045s] DEBUG:colcon.colcon_installed_package_information.package_discovery:Found 10 installed packages in /home/hansukim/ws_sensor_combined/install
[3.082s] DEBUG:colcon.colcon_installed_package_information.package_discovery:Found 277 installed packages in /opt/ros/humble
[3.085s] Level 1:colcon.colcon_core.package_discovery:discover_packages(prefix_path) using defaults
[3.272s] Level 5:colcon.colcon_core.verb:set package 'bringup' build argument 'cmake_args' from command line to 'None'
[3.272s] Level 5:colcon.colcon_core.verb:set package 'bringup' build argument 'cmake_target' from command line to 'None'
[3.272s] Level 5:colcon.colcon_core.verb:set package 'bringup' build argument 'cmake_target_skip_unavailable' from command line to 'False'
[3.272s] Level 5:colcon.colcon_core.verb:set package 'bringup' build argument 'cmake_clean_cache' from command line to 'False'
[3.272s] Level 5:colcon.colcon_core.verb:set package 'bringup' build argument 'cmake_clean_first' from command line to 'False'
[3.273s] Level 5:colcon.colcon_core.verb:set package 'bringup' build argument 'cmake_force_configure' from command line to 'False'
[3.273s] Level 5:colcon.colcon_core.verb:set package 'bringup' build argument 'ament_cmake_args' from command line to 'None'
[3.273s] Level 5:colcon.colcon_core.verb:set package 'bringup' build argument 'catkin_cmake_args' from command line to 'None'
[3.273s] Level 5:colcon.colcon_core.verb:set package 'bringup' build argument 'catkin_skip_building_tests' from command line to 'False'
[3.273s] DEBUG:colcon.colcon_core.verb:Building package 'bringup' with the following arguments: {'ament_cmake_args': None, 'build_base': '/home/hansukim/ros2_ws/build/bringup', 'catkin_cmake_args': None, 'catkin_skip_building_tests': False, 'cmake_args': None, 'cmake_clean_cache': False, 'cmake_clean_first': False, 'cmake_force_configure': False, 'cmake_target': None, 'cmake_target_skip_unavailable': False, 'install_base': '/home/hansukim/ros2_ws/install/bringup', 'merge_install': False, 'path': '/home/hansukim/ros2_ws/src/bringup', 'symlink_install': True, 'test_result_base': None}
[3.308s] INFO:colcon.colcon_core.executor:Executing jobs using 'parallel' executor
[3.363s] DEBUG:colcon.colcon_parallel_executor.executor.parallel:run_until_complete
[3.363s] INFO:colcon.colcon_ros.task.ament_cmake.build:Building ROS package in '/home/hansukim/ros2_ws/src/bringup' with build type 'ament_cmake'
[3.363s] INFO:colcon.colcon_cmake.task.cmake.build:Building CMake package in '/home/hansukim/ros2_ws/src/bringup'
[3.407s] INFO:colcon.colcon_core.plugin_system:Skipping extension 'colcon_core.shell.bat': Not used on non-Windows systems
[3.408s] INFO:colcon.colcon_core.shell:Skip shell extension 'powershell' for command environment: Not usable outside of PowerShell
[3.408s] DEBUG:colcon.colcon_core.shell:Skip shell extension 'dsv' for command environment
[3.576s] DEBUG:colcon.colcon_core.event_handler.log_command:Invoking command in '/home/hansukim/ros2_ws/build/bringup': CMAKE_PREFIX_PATH=${CMAKE_PREFIX_PATH}:/home/hansukim/ros2_ws/install/my_py_pkg:/opt/ros/humble /usr/bin/cmake /home/hansukim/ros2_ws/src/bringup -DAMENT_CMAKE_SYMLINK_INSTALL=1 -DCMAKE_INSTALL_PREFIX=/home/hansukim/ros2_ws/install/bringup
[5.527s] DEBUG:colcon.colcon_core.event_handler.log_command:Invoked command in '/home/hansukim/ros2_ws/build/bringup' returned '0': CMAKE_PREFIX_PATH=${CMAKE_PREFIX_PATH}:/home/hansukim/ros2_ws/install/my_py_pkg:/opt/ros/humble /usr/bin/cmake /home/hansukim/ros2_ws/src/bringup -DAMENT_CMAKE_SYMLINK_INSTALL=1 -DCMAKE_INSTALL_PREFIX=/home/hansukim/ros2_ws/install/bringup
[5.531s] DEBUG:colcon.colcon_core.event_handler.log_command:Invoking command in '/home/hansukim/ros2_ws/build/bringup': CMAKE_PREFIX_PATH=${CMAKE_PREFIX_PATH}:/home/hansukim/ros2_ws/install/my_py_pkg:/opt/ros/humble /usr/bin/cmake --build /home/hansukim/ros2_ws/build/bringup -- -j8 -l8
[5.607s] DEBUG:colcon.colcon_core.event_handler.log_command:Invoked command in '/home/hansukim/ros2_ws/build/bringup' returned '0': CMAKE_PREFIX_PATH=${CMAKE_PREFIX_PATH}:/home/hansukim/ros2_ws/install/my_py_pkg:/opt/ros/humble /usr/bin/cmake --build /home/hansukim/ros2_ws/build/bringup -- -j8 -l8
[5.689s] DEBUG:colcon.colcon_core.event_handler.log_command:Invoking command in '/home/hansukim/ros2_ws/build/bringup': CMAKE_PREFIX_PATH=${CMAKE_PREFIX_PATH}:/home/hansukim/ros2_ws/install/my_py_pkg:/opt/ros/humble /usr/bin/cmake --install /home/hansukim/ros2_ws/build/bringup
[6.028s] Level 1:colcon.colcon_core.environment:create_environment_scripts_only(bringup)
[6.030s] DEBUG:colcon.colcon_core.event_handler.log_command:Invoked command in '/home/hansukim/ros2_ws/build/bringup' returned '0': CMAKE_PREFIX_PATH=${CMAKE_PREFIX_PATH}:/home/hansukim/ros2_ws/install/my_py_pkg:/opt/ros/humble /usr/bin/cmake --install /home/hansukim/ros2_ws/build/bringup
[6.073s] Level 1:colcon.colcon_core.environment:checking '/home/hansukim/ros2_ws/install/bringup' for CMake module files
[6.074s] Level 1:colcon.colcon_core.environment:checking '/home/hansukim/ros2_ws/install/bringup' for CMake config files
[6.075s] Level 1:colcon.colcon_core.shell:create_environment_hook('bringup', 'cmake_prefix_path')
[6.111s] INFO:colcon.colcon_core.shell:Creating environment hook '/home/hansukim/ros2_ws/install/bringup/share/bringup/hook/cmake_prefix_path.ps1'
[6.112s] INFO:colcon.colcon_core.shell:Creating environment descriptor '/home/hansukim/ros2_ws/install/bringup/share/bringup/hook/cmake_prefix_path.dsv'
[6.113s] INFO:colcon.colcon_core.shell:Creating environment hook '/home/hansukim/ros2_ws/install/bringup/share/bringup/hook/cmake_prefix_path.sh'
[6.115s] Level 1:colcon.colcon_core.environment:checking '/home/hansukim/ros2_ws/install/bringup/bin'
[6.115s] Level 1:colcon.colcon_core.environment:checking '/home/hansukim/ros2_ws/install/bringup/lib/pkgconfig/bringup.pc'
[6.116s] Level 1:colcon.colcon_core.environment:checking '/home/hansukim/ros2_ws/install/bringup/lib/python3.10/site-packages'
[6.117s] Level 1:colcon.colcon_core.environment:checking '/home/hansukim/ros2_ws/install/bringup/bin'
[6.153s] INFO:colcon.colcon_core.shell:Creating package script '/home/hansukim/ros2_ws/install/bringup/share/bringup/package.ps1'
[6.155s] INFO:colcon.colcon_core.shell:Creating package descriptor '/home/hansukim/ros2_ws/install/bringup/share/bringup/package.dsv'
[6.156s] INFO:colcon.colcon_core.shell:Creating package script '/home/hansukim/ros2_ws/install/bringup/share/bringup/package.sh'
[6.157s] INFO:colcon.colcon_core.shell:Creating package script '/home/hansukim/ros2_ws/install/bringup/share/bringup/package.bash'
[6.158s] INFO:colcon.colcon_core.shell:Creating package script '/home/hansukim/ros2_ws/install/bringup/share/bringup/package.zsh'
[6.159s] Level 1:colcon.colcon_core.environment:create_file_with_runtime_dependencies(/home/hansukim/ros2_ws/install/bringup/share/colcon-core/packages/bringup)
[6.241s] Level 1:colcon.colcon_core.environment:create_environment_scripts_only(bringup)
[6.286s] Level 1:colcon.colcon_core.environment:checking '/home/hansukim/ros2_ws/install/bringup' for CMake module files
[6.287s] Level 1:colcon.colcon_core.environment:checking '/home/hansukim/ros2_ws/install/bringup' for CMake config files
[6.288s] Level 1:colcon.colcon_core.shell:create_environment_hook('bringup', 'cmake_prefix_path')
[6.334s] INFO:colcon.colcon_core.shell:Creating environment hook '/home/hansukim/ros2_ws/install/bringup/share/bringup/hook/cmake_prefix_path.ps1'
[6.345s] INFO:colcon.colcon_core.shell:Creating environment descriptor '/home/hansukim/ros2_ws/install/bringup/share/bringup/hook/cmake_prefix_path.dsv'
[6.357s] INFO:colcon.colcon_core.shell:Creating environment hook '/home/hansukim/ros2_ws/install/bringup/share/bringup/hook/cmake_prefix_path.sh'
[6.370s] Level 1:colcon.colcon_core.environment:checking '/home/hansukim/ros2_ws/install/bringup/bin'
[6.370s] Level 1:colcon.colcon_core.environment:checking '/home/hansukim/ros2_ws/install/bringup/lib/pkgconfig/bringup.pc'
[6.371s] Level 1:colcon.colcon_core.environment:checking '/home/hansukim/ros2_ws/install/bringup/lib/python3.10/site-packages'
[6.371s] Level 1:colcon.colcon_core.environment:checking '/home/hansukim/ros2_ws/install/bringup/bin'
[6.410s] INFO:colcon.colcon_core.shell:Creating package script '/home/hansukim/ros2_ws/install/bringup/share/bringup/package.ps1'
[6.423s] INFO:colcon.colcon_core.shell:Creating package descriptor '/home/hansukim/ros2_ws/install/bringup/share/bringup/package.dsv'
[6.435s] INFO:colcon.colcon_core.shell:Creating package script '/home/hansukim/ros2_ws/install/bringup/share/bringup/package.sh'
[6.446s] INFO:colcon.colcon_core.shell:Creating package script '/home/hansukim/ros2_ws/install/bringup/share/bringup/package.bash'
[6.458s] INFO:colcon.colcon_core.shell:Creating package script '/home/hansukim/ros2_ws/install/bringup/share/bringup/package.zsh'
[6.470s] Level 1:colcon.colcon_core.environment:create_file_with_runtime_dependencies(/home/hansukim/ros2_ws/install/bringup/share/colcon-core/packages/bringup)
[6.470s] DEBUG:colcon.colcon_parallel_executor.executor.parallel:closing loop
[6.471s] DEBUG:colcon.colcon_parallel_executor.executor.parallel:loop closed
[6.471s] DEBUG:colcon.colcon_parallel_executor.executor.parallel:run_until_complete finished with '0'
[6.472s] DEBUG:colcon.colcon_core.event_reactor:joining thread
[6.519s] INFO:colcon.colcon_core.plugin_system:Skipping extension 'colcon_notification.desktop_notification.terminal_notifier': Not used on non-Darwin systems
[6.520s] INFO:colcon.colcon_core.plugin_system:Skipping extension 'colcon_notification.desktop_notification.win32': Not used on non-Windows systems
[6.520s] INFO:colcon.colcon_notification.desktop_notification:Sending desktop notification using 'notify2'
[6.544s] DEBUG:colcon.colcon_core.event_reactor:joined thread
[6.583s] INFO:colcon.colcon_core.shell:Creating prefix script '/home/hansukim/ros2_ws/install/local_setup.ps1'
[6.597s] INFO:colcon.colcon_core.shell:Creating prefix util module '/home/hansukim/ros2_ws/install/_local_setup_util_ps1.py'
[6.611s] INFO:colcon.colcon_core.shell:Creating prefix chain script '/home/hansukim/ros2_ws/install/setup.ps1'
[6.660s] INFO:colcon.colcon_core.shell:Creating prefix script '/home/hansukim/ros2_ws/install/local_setup.sh'
[6.673s] INFO:colcon.colcon_core.shell:Creating prefix util module '/home/hansukim/ros2_ws/install/_local_setup_util_sh.py'
[6.684s] INFO:colcon.colcon_core.shell:Creating prefix chain script '/home/hansukim/ros2_ws/install/setup.sh'
[6.737s] INFO:colcon.colcon_core.shell:Creating prefix script '/home/hansukim/ros2_ws/install/local_setup.bash'
[6.749s] INFO:colcon.colcon_core.shell:Creating prefix chain script '/home/hansukim/ros2_ws/install/setup.bash'
[6.798s] INFO:colcon.colcon_core.shell:Creating prefix script '/home/hansukim/ros2_ws/install/local_setup.zsh'
[6.811s] INFO:colcon.colcon_core.shell:Creating prefix chain script '/home/hansukim/ros2_ws/install/setup.zsh'
