-- Found ament_cmake: 1.3.8 (/opt/ros/humble/share/ament_cmake/cmake)
-- Override CMake install command with custom implementation using symlinks instead of copying resources
-- Configuring done
-- Generating done
-- Build files have been written to: /home/hansukim/ros2_ws/build/bringup
-- Install configuration: ""
-- Execute custom install script
-- Up-to-date symlink: /home/hansukim/ros2_ws/install/bringup/share/bringup/launch/node_launch.launch.py
-- Up-to-date symlink: /home/hansukim/ros2_ws/install/bringup/share/ament_index/resource_index/package_run_dependencies/bringup
-- Up-to-date symlink: /home/hansukim/ros2_ws/install/bringup/share/ament_index/resource_index/parent_prefix_path/bringup
-- Up-to-date symlink: /home/hansukim/ros2_ws/install/bringup/share/bringup/environment/ament_prefix_path.sh
-- Up-to-date symlink: /home/hansukim/ros2_ws/install/bringup/share/bringup/environment/ament_prefix_path.dsv
-- Up-to-date symlink: /home/hansukim/ros2_ws/install/bringup/share/bringup/environment/path.sh
-- Up-to-date symlink: /home/hansukim/ros2_ws/install/bringup/share/bringup/environment/path.dsv
-- Up-to-date symlink: /home/hansukim/ros2_ws/install/bringup/share/bringup/local_setup.bash
-- Up-to-date symlink: /home/hansukim/ros2_ws/install/bringup/share/bringup/local_setup.sh
-- Up-to-date symlink: /home/hansukim/ros2_ws/install/bringup/share/bringup/local_setup.zsh
-- Up-to-date symlink: /home/hansukim/ros2_ws/install/bringup/share/bringup/local_setup.dsv
-- Symlinking: /home/hansukim/ros2_ws/install/bringup/share/bringup/package.dsv
-- Up-to-date symlink: /home/hansukim/ros2_ws/install/bringup/share/ament_index/resource_index/packages/bringup
-- Up-to-date symlink: /home/hansukim/ros2_ws/install/bringup/share/bringup/cmake/bringupConfig.cmake
-- Up-to-date symlink: /home/hansukim/ros2_ws/install/bringup/share/bringup/cmake/bringupConfig-version.cmake
-- Up-to-date symlink: /home/hansukim/ros2_ws/install/bringup/share/bringup/package.xml
