[0.212s] Invoking command in '/home/hansukim/ros2_ws/build/bringup': CMAKE_PREFIX_PATH=/home/hansukim/ros2_ws/install/my_cpp_pkg:/home/hansukim/ws_sensor_combined/install/key_event:/home/hansukim/ws_sensor_combined/install/px4_ros_com:/home/hansukim/ws_sensor_combined/install/example_mode_with_executor_cpp:/home/hansukim/ws_sensor_combined/install/example_mode_rtl_replacement_cpp:/home/hansukim/ws_sensor_combined/install/example_mode_manual_cpp:/home/hansukim/ws_sensor_combined/install/example_mode_goto_cpp:/home/hansukim/ws_sensor_combined/install/example_local_navigation_cpp:/home/hansukim/ws_sensor_combined/install/example_global_navigation_cpp:/home/hansukim/ws_sensor_combined/install/px4_ros2_cpp:/home/hansukim/ws_sensor_combined/install/px4_msgs:/home/hansukim/ros2_ws/install/my_py_pkg:/opt/ros/humble /usr/bin/cmake --build /home/hansukim/ros2_ws/build/bringup -- -j8 -l8
[0.250s] -- Found ament_cmake: 1.3.8 (/opt/ros/humble/share/ament_cmake/cmake)
[0.501s] -- Override CMake install command with custom implementation using symlinks instead of copying resources
[0.687s] -- Configuring done
[0.766s] -- Generating done
[0.826s] -- Build files have been written to: /home/hansukim/ros2_ws/build/bringup
[0.863s] Invoked command in '/home/hansukim/ros2_ws/build/bringup' returned '0': CMAKE_PREFIX_PATH=/home/hansukim/ros2_ws/install/my_cpp_pkg:/home/hansukim/ws_sensor_combined/install/key_event:/home/hansukim/ws_sensor_combined/install/px4_ros_com:/home/hansukim/ws_sensor_combined/install/example_mode_with_executor_cpp:/home/hansukim/ws_sensor_combined/install/example_mode_rtl_replacement_cpp:/home/hansukim/ws_sensor_combined/install/example_mode_manual_cpp:/home/hansukim/ws_sensor_combined/install/example_mode_goto_cpp:/home/hansukim/ws_sensor_combined/install/example_local_navigation_cpp:/home/hansukim/ws_sensor_combined/install/example_global_navigation_cpp:/home/hansukim/ws_sensor_combined/install/px4_ros2_cpp:/home/hansukim/ws_sensor_combined/install/px4_msgs:/home/hansukim/ros2_ws/install/my_py_pkg:/opt/ros/humble /usr/bin/cmake --build /home/hansukim/ros2_ws/build/bringup -- -j8 -l8
[0.922s] Invoking command in '/home/hansukim/ros2_ws/build/bringup': CMAKE_PREFIX_PATH=/home/hansukim/ros2_ws/install/my_cpp_pkg:/home/hansukim/ws_sensor_combined/install/key_event:/home/hansukim/ws_sensor_combined/install/px4_ros_com:/home/hansukim/ws_sensor_combined/install/example_mode_with_executor_cpp:/home/hansukim/ws_sensor_combined/install/example_mode_rtl_replacement_cpp:/home/hansukim/ws_sensor_combined/install/example_mode_manual_cpp:/home/hansukim/ws_sensor_combined/install/example_mode_goto_cpp:/home/hansukim/ws_sensor_combined/install/example_local_navigation_cpp:/home/hansukim/ws_sensor_combined/install/example_global_navigation_cpp:/home/hansukim/ws_sensor_combined/install/px4_ros2_cpp:/home/hansukim/ws_sensor_combined/install/px4_msgs:/home/hansukim/ros2_ws/install/my_py_pkg:/opt/ros/humble /usr/bin/cmake --install /home/hansukim/ros2_ws/build/bringup
[0.935s] -- Install configuration: ""
[0.935s] -- Execute custom install script
[0.936s] -- Up-to-date symlink: /home/hansukim/ros2_ws/install/bringup/share/bringup/launch/node_launch.launch.py
[0.937s] -- Up-to-date symlink: /home/hansukim/ros2_ws/install/bringup/share/ament_index/resource_index/package_run_dependencies/bringup
[0.937s] -- Up-to-date symlink: /home/hansukim/ros2_ws/install/bringup/share/ament_index/resource_index/parent_prefix_path/bringup
[0.937s] -- Up-to-date symlink: /home/hansukim/ros2_ws/install/bringup/share/bringup/environment/ament_prefix_path.sh
[0.938s] -- Up-to-date symlink: /home/hansukim/ros2_ws/install/bringup/share/bringup/environment/ament_prefix_path.dsv
[0.938s] -- Up-to-date symlink: /home/hansukim/ros2_ws/install/bringup/share/bringup/environment/path.sh
[0.938s] -- Up-to-date symlink: /home/hansukim/ros2_ws/install/bringup/share/bringup/environment/path.dsv
[0.939s] -- Up-to-date symlink: /home/hansukim/ros2_ws/install/bringup/share/bringup/local_setup.bash
[0.939s] -- Up-to-date symlink: /home/hansukim/ros2_ws/install/bringup/share/bringup/local_setup.sh
[0.939s] -- Up-to-date symlink: /home/hansukim/ros2_ws/install/bringup/share/bringup/local_setup.zsh
[0.940s] -- Up-to-date symlink: /home/hansukim/ros2_ws/install/bringup/share/bringup/local_setup.dsv
[0.940s] -- Symlinking: /home/hansukim/ros2_ws/install/bringup/share/bringup/package.dsv
[0.957s] -- Up-to-date symlink: /home/hansukim/ros2_ws/install/bringup/share/ament_index/resource_index/packages/bringup
[0.957s] -- Up-to-date symlink: /home/hansukim/ros2_ws/install/bringup/share/bringup/cmake/bringupConfig.cmake
[0.957s] -- Up-to-date symlink: /home/hansukim/ros2_ws/install/bringup/share/bringup/cmake/bringupConfig-version.cmake
[0.958s] -- Up-to-date symlink: /home/hansukim/ros2_ws/install/bringup/share/bringup/package.xml
[0.961s] Invoked command in '/home/hansukim/ros2_ws/build/bringup' returned '0': CMAKE_PREFIX_PATH=/home/hansukim/ros2_ws/install/my_cpp_pkg:/home/hansukim/ws_sensor_combined/install/key_event:/home/hansukim/ws_sensor_combined/install/px4_ros_com:/home/hansukim/ws_sensor_combined/install/example_mode_with_executor_cpp:/home/hansukim/ws_sensor_combined/install/example_mode_rtl_replacement_cpp:/home/hansukim/ws_sensor_combined/install/example_mode_manual_cpp:/home/hansukim/ws_sensor_combined/install/example_mode_goto_cpp:/home/hansukim/ws_sensor_combined/install/example_local_navigation_cpp:/home/hansukim/ws_sensor_combined/install/example_global_navigation_cpp:/home/hansukim/ws_sensor_combined/install/px4_ros2_cpp:/home/hansukim/ws_sensor_combined/install/px4_msgs:/home/hansukim/ros2_ws/install/my_py_pkg:/opt/ros/humble /usr/bin/cmake --install /home/hansukim/ros2_ws/build/bringup
