[0.209s] Invoking command in '/home/hansukim/ros2_ws/build/bringup': CMAKE_PREFIX_PATH=${CMAKE_PREFIX_PATH}:/home/hansukim/ros2_ws/install/my_py_pkg:/opt/ros/humble /usr/bin/cmake /home/hansukim/ros2_ws/src/bringup -DAMENT_CMAKE_SYMLINK_INSTALL=1 -DCMAKE_INSTALL_PREFIX=/home/hansukim/ros2_ws/install/bringup
[0.351s] -- The C compiler identification is GNU 11.4.0
[0.496s] -- The CXX compiler identification is GNU 11.4.0
[0.513s] -- Detecting C compiler ABI info
[0.686s] -- Detecting C compiler ABI info - done
[0.703s] -- Check for working C compiler: /usr/bin/cc - skipped
[0.703s] -- Detecting C compile features
[0.704s] -- Detecting C compile features - done
[0.710s] -- Detecting CXX compiler ABI info
[0.889s] -- Detecting CXX compiler ABI info - done
[0.907s] -- Check for working CXX compiler: /usr/bin/c++ - skipped
[0.908s] -- Detecting CXX compile features
[0.909s] -- Detecting CXX compile features - done
[0.916s] -- Found ament_cmake: 1.3.8 (/opt/ros/humble/share/ament_cmake/cmake)
[1.759s] -- Found Python3: /usr/bin/python3 (found version "3.10.12") found components: Interpreter 
[1.906s] -- Override CMake install command with custom implementation using symlinks instead of copying resources
[2.134s] -- Configuring done
[2.139s] -- Generating done
[2.152s] -- Build files have been written to: /home/hansukim/ros2_ws/build/bringup
[2.160s] Invoked command in '/home/hansukim/ros2_ws/build/bringup' returned '0': CMAKE_PREFIX_PATH=${CMAKE_PREFIX_PATH}:/home/hansukim/ros2_ws/install/my_py_pkg:/opt/ros/humble /usr/bin/cmake /home/hansukim/ros2_ws/src/bringup -DAMENT_CMAKE_SYMLINK_INSTALL=1 -DCMAKE_INSTALL_PREFIX=/home/hansukim/ros2_ws/install/bringup
[2.164s] Invoking command in '/home/hansukim/ros2_ws/build/bringup': CMAKE_PREFIX_PATH=${CMAKE_PREFIX_PATH}:/home/hansukim/ros2_ws/install/my_py_pkg:/opt/ros/humble /usr/bin/cmake --build /home/hansukim/ros2_ws/build/bringup -- -j8 -l8
[2.240s] Invoked command in '/home/hansukim/ros2_ws/build/bringup' returned '0': CMAKE_PREFIX_PATH=${CMAKE_PREFIX_PATH}:/home/hansukim/ros2_ws/install/my_py_pkg:/opt/ros/humble /usr/bin/cmake --build /home/hansukim/ros2_ws/build/bringup -- -j8 -l8
[2.322s] Invoking command in '/home/hansukim/ros2_ws/build/bringup': CMAKE_PREFIX_PATH=${CMAKE_PREFIX_PATH}:/home/hansukim/ros2_ws/install/my_py_pkg:/opt/ros/humble /usr/bin/cmake --install /home/hansukim/ros2_ws/build/bringup
[2.347s] -- Install configuration: ""
[2.349s] -- Execute custom install script
[2.350s] -- Symlinking: /home/hansukim/ros2_ws/install/bringup/share/bringup/launch/node_launch.launch.py
[2.376s] -- Symlinking: /home/hansukim/ros2_ws/install/bringup/share/ament_index/resource_index/package_run_dependencies/bringup
[2.397s] -- Symlinking: /home/hansukim/ros2_ws/install/bringup/share/ament_index/resource_index/parent_prefix_path/bringup
[2.417s] -- Symlinking: /home/hansukim/ros2_ws/install/bringup/share/bringup/environment/ament_prefix_path.sh
[2.437s] -- Symlinking: /home/hansukim/ros2_ws/install/bringup/share/bringup/environment/ament_prefix_path.dsv
[2.456s] -- Symlinking: /home/hansukim/ros2_ws/install/bringup/share/bringup/environment/path.sh
[2.476s] -- Symlinking: /home/hansukim/ros2_ws/install/bringup/share/bringup/environment/path.dsv
[2.494s] -- Symlinking: /home/hansukim/ros2_ws/install/bringup/share/bringup/local_setup.bash
[2.512s] -- Symlinking: /home/hansukim/ros2_ws/install/bringup/share/bringup/local_setup.sh
[2.530s] -- Symlinking: /home/hansukim/ros2_ws/install/bringup/share/bringup/local_setup.zsh
[2.549s] -- Symlinking: /home/hansukim/ros2_ws/install/bringup/share/bringup/local_setup.dsv
[2.566s] -- Symlinking: /home/hansukim/ros2_ws/install/bringup/share/bringup/package.dsv
[2.584s] -- Symlinking: /home/hansukim/ros2_ws/install/bringup/share/ament_index/resource_index/packages/bringup
[2.602s] -- Symlinking: /home/hansukim/ros2_ws/install/bringup/share/bringup/cmake/bringupConfig.cmake
[2.620s] -- Symlinking: /home/hansukim/ros2_ws/install/bringup/share/bringup/cmake/bringupConfig-version.cmake
[2.640s] -- Symlinking: /home/hansukim/ros2_ws/install/bringup/share/bringup/package.xml
[2.663s] Invoked command in '/home/hansukim/ros2_ws/build/bringup' returned '0': CMAKE_PREFIX_PATH=${CMAKE_PREFIX_PATH}:/home/hansukim/ros2_ws/install/my_py_pkg:/opt/ros/humble /usr/bin/cmake --install /home/hansukim/ros2_ws/build/bringup
