running egg_info
writing ../../build/my_py_pkg/my_py_pkg.egg-info/PKG-INFO
writing dependency_links to ../../build/my_py_pkg/my_py_pkg.egg-info/dependency_links.txt
writing requirements to ../../build/my_py_pkg/my_py_pkg.egg-info/requires.txt
writing top-level names to ../../build/my_py_pkg/my_py_pkg.egg-info/top_level.txt
reading manifest file '../../build/my_py_pkg/my_py_pkg.egg-info/SOURCES.txt'
writing manifest file '../../build/my_py_pkg/my_py_pkg.egg-info/SOURCES.txt'
running build
running build_py
copying my_py_pkg/__init__.py -> /home/hansukim/ros2_ws/build/my_py_pkg/build/lib/my_py_pkg
running install
running install_lib
running install_data
copying resource/my_py_pkg -> /home/hansukim/ros2_ws/install/my_py_pkg/share/ament_index/resource_index/packages
copying package.xml -> /home/hansukim/ros2_ws/install/my_py_pkg/share/my_py_pkg
running install_egg_info
removing '/home/hansukim/ros2_ws/install/my_py_pkg/lib/python3.10/site-packages/my_py_pkg-0.0.0-py3.10.egg-info' (and everything under it)
Copying ../../build/my_py_pkg/my_py_pkg.egg-info to /home/hansukim/ros2_ws/install/my_py_pkg/lib/python3.10/site-packages/my_py_pkg-0.0.0-py3.10.egg-info
running install_scripts
writing list of installed files to '/home/hansukim/ros2_ws/build/my_py_pkg/install.log'
