[2.012s] Invoking command in '/home/hansukim/ros2_ws/src/my_py_pkg': PYTHONPATH=/home/hansukim/ros2_ws/build/my_py_pkg/prefix_override:/home/hansukim/ros2_ws/install/my_py_pkg/lib/python3.10/site-packages:${PYTHONPATH} /usr/bin/python3 setup.py egg_info --egg-base ../../build/my_py_pkg build --build-base /home/hansukim/ros2_ws/build/my_py_pkg/build install --record /home/hansukim/ros2_ws/build/my_py_pkg/install.log --single-version-externally-managed
[2.572s] running egg_info
[2.607s] writing ../../build/my_py_pkg/my_py_pkg.egg-info/PKG-INFO
[2.608s] writing dependency_links to ../../build/my_py_pkg/my_py_pkg.egg-info/dependency_links.txt
[2.608s] writing requirements to ../../build/my_py_pkg/my_py_pkg.egg-info/requires.txt
[2.609s] writing top-level names to ../../build/my_py_pkg/my_py_pkg.egg-info/top_level.txt
[2.683s] reading manifest file '../../build/my_py_pkg/my_py_pkg.egg-info/SOURCES.txt'
[2.685s] writing manifest file '../../build/my_py_pkg/my_py_pkg.egg-info/SOURCES.txt'
[2.686s] running build
[2.686s] running build_py
[2.686s] copying my_py_pkg/__init__.py -> /home/hansukim/ros2_ws/build/my_py_pkg/build/lib/my_py_pkg
[2.687s] running install
[2.687s] /home/hansukim/.local/lib/python3.10/site-packages/setuptools/_distutils/cmd.py:66: SetuptoolsDeprecationWarning: setup.py install is deprecated.
[2.687s] !!
[2.688s] 
[2.688s]         ********************************************************************************
[2.688s]         Please avoid running ``setup.py`` directly.
[2.688s]         Instead, use pypa/build, pypa/installer or other
[2.688s]         standards-based tools.
[2.688s] 
[2.688s]         See https://blog.ganssle.io/articles/2021/10/setup-py-deprecated.html for details.
[2.688s]         ********************************************************************************
[2.689s] 
[2.689s] !!
[2.689s]   self.initialize_options()
[2.700s] running install_lib
[2.746s] running install_data
[2.783s] copying resource/my_py_pkg -> /home/hansukim/ros2_ws/install/my_py_pkg/share/ament_index/resource_index/packages
[2.784s] copying package.xml -> /home/hansukim/ros2_ws/install/my_py_pkg/share/my_py_pkg
[2.784s] running install_egg_info
[2.822s] removing '/home/hansukim/ros2_ws/install/my_py_pkg/lib/python3.10/site-packages/my_py_pkg-0.0.0-py3.10.egg-info' (and everything under it)
[2.822s] Copying ../../build/my_py_pkg/my_py_pkg.egg-info to /home/hansukim/ros2_ws/install/my_py_pkg/lib/python3.10/site-packages/my_py_pkg-0.0.0-py3.10.egg-info
[2.824s] running install_scripts
[3.176s] writing list of installed files to '/home/hansukim/ros2_ws/build/my_py_pkg/install.log'
[3.231s] Invoked command in '/home/hansukim/ros2_ws/src/my_py_pkg' returned '0': PYTHONPATH=/home/hansukim/ros2_ws/build/my_py_pkg/prefix_override:/home/hansukim/ros2_ws/install/my_py_pkg/lib/python3.10/site-packages:${PYTHONPATH} /usr/bin/python3 setup.py egg_info --egg-base ../../build/my_py_pkg build --build-base /home/hansukim/ros2_ws/build/my_py_pkg/build install --record /home/hansukim/ros2_ws/build/my_py_pkg/install.log --single-version-externally-managed
